<?xml version="1.0" encoding="UTF-8"?>
<testng-results ignored="0" total="26" passed="25" failed="1" skipped="0">
  <reporter-output>
    <line>
      <![CDATA[Extent Report DirectoryD:\fiverr\zzz\atiqrafi\Aug2023SeleniumProject\target\surefire-reports\html]]>
    </line>
  </reporter-output>
  <suite started-at="2023-10-31T09:58:14 BDT" name="regression suite" finished-at="2023-10-31T10:12:11 BDT" duration-ms="837400">
    <groups>
    </groups>
    <test started-at="2023-10-31T09:58:14 BDT" name="automation exercise demo test" finished-at="2023-10-31T10:12:11 BDT" duration-ms="837400">
      <class name="automationexercise.Case26_ScrollUpWithoutArrowBtnAndScrollDown">
        <test-method is-config="true" signature="setUp(boolean,java.lang.String,java.lang.String,java.lang.String,java.lang.String,java.lang.String,java.lang.String)[pri:0, instance:automationexercise.Case26_ScrollUpWithoutArrowBtnAndScrollDown@5fcacc0]" started-at="2023-10-31T10:11:52 BDT" name="setUp" finished-at="2023-10-31T10:12:01 BDT" duration-ms="9332" status="PASS">
          <params>
            <param index="0">
              <value>
                <![CDATA[false]]>
              </value>
            </param>
            <param index="1">
              <value>
                <![CDATA[browserstack]]>
              </value>
            </param>
            <param index="2">
              <value>
                <![CDATA[OS X]]>
              </value>
            </param>
            <param index="3">
              <value>
                <![CDATA[10]]>
              </value>
            </param>
            <param index="4">
              <value>
                <![CDATA[chrome]]>
              </value>
            </param>
            <param index="5">
              <value>
                <![CDATA[110]]>
              </value>
            </param>
            <param index="6">
              <value>
                <![CDATA[http://www.automationexercise.com]]>
              </value>
            </param>
          </params>
          <reporter-output>
          </reporter-output>
        </test-method> <!-- setUp -->
        <test-method is-config="true" signature="startExtent(java.lang.reflect.Method)[pri:0, instance:automationexercise.Case26_ScrollUpWithoutArrowBtnAndScrollDown@5fcacc0]" started-at="2023-10-31T10:12:01 BDT" name="startExtent" finished-at="2023-10-31T10:12:01 BDT" duration-ms="0" status="PASS">
          <params>
            <param index="0">
              <value>
                <![CDATA[public void automationexercise.Case26_ScrollUpWithoutArrowBtnAndScrollDown.verifyScrollUpWithoutArrowButtonAndScrollDownFunctionality()]]>
              </value>
            </param>
          </params>
          <reporter-output>
          </reporter-output>
        </test-method> <!-- startExtent -->
        <test-method signature="verifyScrollUpWithoutArrowButtonAndScrollDownFunctionality()[pri:0, instance:automationexercise.Case26_ScrollUpWithoutArrowBtnAndScrollDown@5fcacc0]" started-at="2023-10-31T10:12:01 BDT" name="verifyScrollUpWithoutArrowButtonAndScrollDownFunctionality" finished-at="2023-10-31T10:12:10 BDT" duration-ms="9198" status="PASS">
          <reporter-output>
          </reporter-output>
        </test-method> <!-- verifyScrollUpWithoutArrowButtonAndScrollDownFunctionality -->
        <test-method is-config="true" signature="afterEachTestMethod(org.testng.ITestResult)[pri:0, instance:automationexercise.Case26_ScrollUpWithoutArrowBtnAndScrollDown@5fcacc0]" started-at="2023-10-31T10:12:10 BDT" name="afterEachTestMethod" finished-at="2023-10-31T10:12:11 BDT" duration-ms="948" status="PASS">
          <params>
            <param index="0">
              <value>
                <![CDATA[[TestResult name=verifyScrollUpWithoutArrowButtonAndScrollDownFunctionality status=SUCCESS method=Case26_ScrollUpWithoutArrowBtnAndScrollDown.verifyScrollUpWithoutArrowButtonAndScrollDownFunctionality()[pri:0, instance:automationexercise.Case26_ScrollUpWithoutArrowBtnAndScrollDown@5fcacc0] output={null}]]]>
              </value>
            </param>
          </params>
          <reporter-output>
          </reporter-output>
        </test-method> <!-- afterEachTestMethod -->
      </class> <!-- automationexercise.Case26_ScrollUpWithoutArrowBtnAndScrollDown -->
      <class name="automationexercise.Case24_DownloadPurchaseOrderInvoice">
        <test-method is-config="true" signature="setUp(boolean,java.lang.String,java.lang.String,java.lang.String,java.lang.String,java.lang.String,java.lang.String)[pri:0, instance:automationexercise.Case24_DownloadPurchaseOrderInvoice@69c79f09]" started-at="2023-10-31T10:10:36 BDT" name="setUp" finished-at="2023-10-31T10:10:47 BDT" duration-ms="10280" status="PASS">
          <params>
            <param index="0">
              <value>
                <![CDATA[false]]>
              </value>
            </param>
            <param index="1">
              <value>
                <![CDATA[browserstack]]>
              </value>
            </param>
            <param index="2">
              <value>
                <![CDATA[OS X]]>
              </value>
            </param>
            <param index="3">
              <value>
                <![CDATA[10]]>
              </value>
            </param>
            <param index="4">
              <value>
                <![CDATA[chrome]]>
              </value>
            </param>
            <param index="5">
              <value>
                <![CDATA[110]]>
              </value>
            </param>
            <param index="6">
              <value>
                <![CDATA[http://www.automationexercise.com]]>
              </value>
            </param>
          </params>
          <reporter-output>
          </reporter-output>
        </test-method> <!-- setUp -->
        <test-method is-config="true" signature="startExtent(java.lang.reflect.Method)[pri:0, instance:automationexercise.Case24_DownloadPurchaseOrderInvoice@69c79f09]" started-at="2023-10-31T10:10:47 BDT" name="startExtent" finished-at="2023-10-31T10:10:47 BDT" duration-ms="0" status="PASS">
          <params>
            <param index="0">
              <value>
                <![CDATA[public void automationexercise.Case24_DownloadPurchaseOrderInvoice.verifyDownloadInvoiceAfterPurchaseOrder()]]>
              </value>
            </param>
          </params>
          <reporter-output>
          </reporter-output>
        </test-method> <!-- startExtent -->
        <test-method signature="verifyDownloadInvoiceAfterPurchaseOrder()[pri:0, instance:automationexercise.Case24_DownloadPurchaseOrderInvoice@69c79f09]" started-at="2023-10-31T10:10:47 BDT" name="verifyDownloadInvoiceAfterPurchaseOrder" finished-at="2023-10-31T10:11:33 BDT" duration-ms="46459" status="PASS">
          <reporter-output>
          </reporter-output>
        </test-method> <!-- verifyDownloadInvoiceAfterPurchaseOrder -->
        <test-method is-config="true" signature="afterEachTestMethod(org.testng.ITestResult)[pri:0, instance:automationexercise.Case24_DownloadPurchaseOrderInvoice@69c79f09]" started-at="2023-10-31T10:11:33 BDT" name="afterEachTestMethod" finished-at="2023-10-31T10:11:34 BDT" duration-ms="913" status="PASS">
          <params>
            <param index="0">
              <value>
                <![CDATA[[TestResult name=verifyDownloadInvoiceAfterPurchaseOrder status=SUCCESS method=Case24_DownloadPurchaseOrderInvoice.verifyDownloadInvoiceAfterPurchaseOrder()[pri:0, instance:automationexercise.Case24_DownloadPurchaseOrderInvoice@69c79f09] output={null}]]]>
              </value>
            </param>
          </params>
          <reporter-output>
          </reporter-output>
        </test-method> <!-- afterEachTestMethod -->
      </class> <!-- automationexercise.Case24_DownloadPurchaseOrderInvoice -->
      <class name="automationexercise.Case07_TestCasesPageTest">
        <test-method is-config="true" signature="setUp(boolean,java.lang.String,java.lang.String,java.lang.String,java.lang.String,java.lang.String,java.lang.String)[pri:0, instance:automationexercise.Case07_TestCasesPageTest@1c98290c]" started-at="2023-10-31T10:00:51 BDT" name="setUp" finished-at="2023-10-31T10:00:59 BDT" duration-ms="7881" status="PASS">
          <params>
            <param index="0">
              <value>
                <![CDATA[false]]>
              </value>
            </param>
            <param index="1">
              <value>
                <![CDATA[browserstack]]>
              </value>
            </param>
            <param index="2">
              <value>
                <![CDATA[OS X]]>
              </value>
            </param>
            <param index="3">
              <value>
                <![CDATA[10]]>
              </value>
            </param>
            <param index="4">
              <value>
                <![CDATA[chrome]]>
              </value>
            </param>
            <param index="5">
              <value>
                <![CDATA[110]]>
              </value>
            </param>
            <param index="6">
              <value>
                <![CDATA[http://www.automationexercise.com]]>
              </value>
            </param>
          </params>
          <reporter-output>
          </reporter-output>
        </test-method> <!-- setUp -->
        <test-method is-config="true" signature="startExtent(java.lang.reflect.Method)[pri:0, instance:automationexercise.Case07_TestCasesPageTest@1c98290c]" started-at="2023-10-31T10:00:59 BDT" name="startExtent" finished-at="2023-10-31T10:00:59 BDT" duration-ms="1" status="PASS">
          <params>
            <param index="0">
              <value>
                <![CDATA[public void automationexercise.Case07_TestCasesPageTest.verifyTestCasesPage()]]>
              </value>
            </param>
          </params>
          <reporter-output>
          </reporter-output>
        </test-method> <!-- startExtent -->
        <test-method signature="verifyTestCasesPage()[pri:0, instance:automationexercise.Case07_TestCasesPageTest@1c98290c]" started-at="2023-10-31T10:00:59 BDT" name="verifyTestCasesPage" finished-at="2023-10-31T10:01:09 BDT" duration-ms="10104" status="PASS">
          <reporter-output>
          </reporter-output>
        </test-method> <!-- verifyTestCasesPage -->
        <test-method is-config="true" signature="afterEachTestMethod(org.testng.ITestResult)[pri:0, instance:automationexercise.Case07_TestCasesPageTest@1c98290c]" started-at="2023-10-31T10:01:09 BDT" name="afterEachTestMethod" finished-at="2023-10-31T10:01:10 BDT" duration-ms="975" status="PASS">
          <params>
            <param index="0">
              <value>
                <![CDATA[[TestResult name=verifyTestCasesPage status=SUCCESS method=Case07_TestCasesPageTest.verifyTestCasesPage()[pri:0, instance:automationexercise.Case07_TestCasesPageTest@1c98290c] output={null}]]]>
              </value>
            </param>
          </params>
          <reporter-output>
          </reporter-output>
        </test-method> <!-- afterEachTestMethod -->
      </class> <!-- automationexercise.Case07_TestCasesPageTest -->
      <class name="automationexercise.Case04_LogoutUserTest">
        <test-method is-config="true" signature="setUp(boolean,java.lang.String,java.lang.String,java.lang.String,java.lang.String,java.lang.String,java.lang.String)[pri:0, instance:automationexercise.Case04_LogoutUserTest@53ab0286]" started-at="2023-10-31T09:59:32 BDT" name="setUp" finished-at="2023-10-31T09:59:42 BDT" duration-ms="10043" status="PASS">
          <params>
            <param index="0">
              <value>
                <![CDATA[false]]>
              </value>
            </param>
            <param index="1">
              <value>
                <![CDATA[browserstack]]>
              </value>
            </param>
            <param index="2">
              <value>
                <![CDATA[OS X]]>
              </value>
            </param>
            <param index="3">
              <value>
                <![CDATA[10]]>
              </value>
            </param>
            <param index="4">
              <value>
                <![CDATA[chrome]]>
              </value>
            </param>
            <param index="5">
              <value>
                <![CDATA[110]]>
              </value>
            </param>
            <param index="6">
              <value>
                <![CDATA[http://www.automationexercise.com]]>
              </value>
            </param>
          </params>
          <reporter-output>
          </reporter-output>
        </test-method> <!-- setUp -->
        <test-method is-config="true" signature="startExtent(java.lang.reflect.Method)[pri:0, instance:automationexercise.Case04_LogoutUserTest@53ab0286]" started-at="2023-10-31T09:59:42 BDT" name="startExtent" finished-at="2023-10-31T09:59:42 BDT" duration-ms="1" status="PASS">
          <params>
            <param index="0">
              <value>
                <![CDATA[public void automationexercise.Case04_LogoutUserTest.logoutUser()]]>
              </value>
            </param>
          </params>
          <reporter-output>
          </reporter-output>
        </test-method> <!-- startExtent -->
        <test-method signature="logoutUser()[pri:0, instance:automationexercise.Case04_LogoutUserTest@53ab0286]" started-at="2023-10-31T09:59:42 BDT" name="logoutUser" finished-at="2023-10-31T09:59:56 BDT" duration-ms="13600" status="PASS">
          <reporter-output>
          </reporter-output>
        </test-method> <!-- logoutUser -->
        <test-method is-config="true" signature="afterEachTestMethod(org.testng.ITestResult)[pri:0, instance:automationexercise.Case04_LogoutUserTest@53ab0286]" started-at="2023-10-31T09:59:56 BDT" name="afterEachTestMethod" finished-at="2023-10-31T09:59:57 BDT" duration-ms="935" status="PASS">
          <params>
            <param index="0">
              <value>
                <![CDATA[[TestResult name=logoutUser status=SUCCESS method=Case04_LogoutUserTest.logoutUser()[pri:0, instance:automationexercise.Case04_LogoutUserTest@53ab0286] output={null}]]]>
              </value>
            </param>
          </params>
          <reporter-output>
          </reporter-output>
        </test-method> <!-- afterEachTestMethod -->
      </class> <!-- automationexercise.Case04_LogoutUserTest -->
      <class name="automationexercise.Case25_ScrollUpDownUsingArrowBtnTest">
        <test-method is-config="true" signature="setUp(boolean,java.lang.String,java.lang.String,java.lang.String,java.lang.String,java.lang.String,java.lang.String)[pri:0, instance:automationexercise.Case25_ScrollUpDownUsingArrowBtnTest@1ca25c47]" started-at="2023-10-31T10:11:34 BDT" name="setUp" finished-at="2023-10-31T10:11:41 BDT" duration-ms="7461" status="PASS">
          <params>
            <param index="0">
              <value>
                <![CDATA[false]]>
              </value>
            </param>
            <param index="1">
              <value>
                <![CDATA[browserstack]]>
              </value>
            </param>
            <param index="2">
              <value>
                <![CDATA[OS X]]>
              </value>
            </param>
            <param index="3">
              <value>
                <![CDATA[10]]>
              </value>
            </param>
            <param index="4">
              <value>
                <![CDATA[chrome]]>
              </value>
            </param>
            <param index="5">
              <value>
                <![CDATA[110]]>
              </value>
            </param>
            <param index="6">
              <value>
                <![CDATA[http://www.automationexercise.com]]>
              </value>
            </param>
          </params>
          <reporter-output>
          </reporter-output>
        </test-method> <!-- setUp -->
        <test-method is-config="true" signature="startExtent(java.lang.reflect.Method)[pri:0, instance:automationexercise.Case25_ScrollUpDownUsingArrowBtnTest@1ca25c47]" started-at="2023-10-31T10:11:41 BDT" name="startExtent" finished-at="2023-10-31T10:11:41 BDT" duration-ms="2" status="PASS">
          <params>
            <param index="0">
              <value>
                <![CDATA[public void automationexercise.Case25_ScrollUpDownUsingArrowBtnTest.verifyScrollUpUsingArrowButtonAndScrollDownFunctionality()]]>
              </value>
            </param>
          </params>
          <reporter-output>
          </reporter-output>
        </test-method> <!-- startExtent -->
        <test-method signature="verifyScrollUpUsingArrowButtonAndScrollDownFunctionality()[pri:0, instance:automationexercise.Case25_ScrollUpDownUsingArrowBtnTest@1ca25c47]" started-at="2023-10-31T10:11:41 BDT" name="verifyScrollUpUsingArrowButtonAndScrollDownFunctionality" finished-at="2023-10-31T10:11:51 BDT" duration-ms="9206" status="PASS">
          <reporter-output>
          </reporter-output>
        </test-method> <!-- verifyScrollUpUsingArrowButtonAndScrollDownFunctionality -->
        <test-method is-config="true" signature="afterEachTestMethod(org.testng.ITestResult)[pri:0, instance:automationexercise.Case25_ScrollUpDownUsingArrowBtnTest@1ca25c47]" started-at="2023-10-31T10:11:51 BDT" name="afterEachTestMethod" finished-at="2023-10-31T10:11:52 BDT" duration-ms="1005" status="PASS">
          <params>
            <param index="0">
              <value>
                <![CDATA[[TestResult name=verifyScrollUpUsingArrowButtonAndScrollDownFunctionality status=SUCCESS method=Case25_ScrollUpDownUsingArrowBtnTest.verifyScrollUpUsingArrowButtonAndScrollDownFunctionality()[pri:0, instance:automationexercise.Case25_ScrollUpDownUsingArrowBtnTest@1ca25c47] output={null}]]]>
              </value>
            </param>
          </params>
          <reporter-output>
          </reporter-output>
        </test-method> <!-- afterEachTestMethod -->
      </class> <!-- automationexercise.Case25_ScrollUpDownUsingArrowBtnTest -->
      <class name="automationexercise.Case02_ValidLoginTest">
        <test-method is-config="true" signature="setUp(boolean,java.lang.String,java.lang.String,java.lang.String,java.lang.String,java.lang.String,java.lang.String)[pri:0, instance:automationexercise.Case02_ValidLoginTest@191ae03f]" started-at="2023-10-31T09:58:45 BDT" name="setUp" finished-at="2023-10-31T09:58:53 BDT" duration-ms="7993" status="PASS">
          <params>
            <param index="0">
              <value>
                <![CDATA[false]]>
              </value>
            </param>
            <param index="1">
              <value>
                <![CDATA[browserstack]]>
              </value>
            </param>
            <param index="2">
              <value>
                <![CDATA[OS X]]>
              </value>
            </param>
            <param index="3">
              <value>
                <![CDATA[10]]>
              </value>
            </param>
            <param index="4">
              <value>
                <![CDATA[chrome]]>
              </value>
            </param>
            <param index="5">
              <value>
                <![CDATA[110]]>
              </value>
            </param>
            <param index="6">
              <value>
                <![CDATA[http://www.automationexercise.com]]>
              </value>
            </param>
          </params>
          <reporter-output>
          </reporter-output>
        </test-method> <!-- setUp -->
        <test-method is-config="true" signature="startExtent(java.lang.reflect.Method)[pri:0, instance:automationexercise.Case02_ValidLoginTest@191ae03f]" started-at="2023-10-31T09:58:53 BDT" name="startExtent" finished-at="2023-10-31T09:58:53 BDT" duration-ms="2" status="PASS">
          <params>
            <param index="0">
              <value>
                <![CDATA[public void automationexercise.Case02_ValidLoginTest.loginWithValidCredentials()]]>
              </value>
            </param>
          </params>
          <reporter-output>
          </reporter-output>
        </test-method> <!-- startExtent -->
        <test-method signature="loginWithValidCredentials()[pri:0, instance:automationexercise.Case02_ValidLoginTest@191ae03f]" started-at="2023-10-31T09:58:53 BDT" name="loginWithValidCredentials" finished-at="2023-10-31T09:59:10 BDT" duration-ms="17256" status="PASS">
          <reporter-output>
          </reporter-output>
        </test-method> <!-- loginWithValidCredentials -->
        <test-method is-config="true" signature="afterEachTestMethod(org.testng.ITestResult)[pri:0, instance:automationexercise.Case02_ValidLoginTest@191ae03f]" started-at="2023-10-31T09:59:10 BDT" name="afterEachTestMethod" finished-at="2023-10-31T09:59:11 BDT" duration-ms="1040" status="PASS">
          <params>
            <param index="0">
              <value>
                <![CDATA[[TestResult name=loginWithValidCredentials status=SUCCESS method=Case02_ValidLoginTest.loginWithValidCredentials()[pri:0, instance:automationexercise.Case02_ValidLoginTest@191ae03f] output={null}]]]>
              </value>
            </param>
          </params>
          <reporter-output>
          </reporter-output>
        </test-method> <!-- afterEachTestMethod -->
      </class> <!-- automationexercise.Case02_ValidLoginTest -->
      <class name="automationexercise.Case13_ProductQuantityCartTest">
        <test-method is-config="true" signature="setUp(boolean,java.lang.String,java.lang.String,java.lang.String,java.lang.String,java.lang.String,java.lang.String)[pri:0, instance:automationexercise.Case13_ProductQuantityCartTest@51df223b]" started-at="2023-10-31T10:03:43 BDT" name="setUp" finished-at="2023-10-31T10:03:48 BDT" duration-ms="5349" status="PASS">
          <params>
            <param index="0">
              <value>
                <![CDATA[false]]>
              </value>
            </param>
            <param index="1">
              <value>
                <![CDATA[browserstack]]>
              </value>
            </param>
            <param index="2">
              <value>
                <![CDATA[OS X]]>
              </value>
            </param>
            <param index="3">
              <value>
                <![CDATA[10]]>
              </value>
            </param>
            <param index="4">
              <value>
                <![CDATA[chrome]]>
              </value>
            </param>
            <param index="5">
              <value>
                <![CDATA[110]]>
              </value>
            </param>
            <param index="6">
              <value>
                <![CDATA[http://www.automationexercise.com]]>
              </value>
            </param>
          </params>
          <reporter-output>
          </reporter-output>
        </test-method> <!-- setUp -->
        <test-method signature="verifyProductQuantityInCart()[pri:0, instance:automationexercise.Case13_ProductQuantityCartTest@51df223b]" started-at="2023-10-31T10:03:48 BDT" name="verifyProductQuantityInCart" finished-at="2023-10-31T10:04:01 BDT" duration-ms="13067" status="PASS">
          <reporter-output>
          </reporter-output>
        </test-method> <!-- verifyProductQuantityInCart -->
        <test-method is-config="true" signature="startExtent(java.lang.reflect.Method)[pri:0, instance:automationexercise.Case13_ProductQuantityCartTest@51df223b]" started-at="2023-10-31T10:03:48 BDT" name="startExtent" finished-at="2023-10-31T10:03:48 BDT" duration-ms="0" status="PASS">
          <params>
            <param index="0">
              <value>
                <![CDATA[public void automationexercise.Case13_ProductQuantityCartTest.verifyProductQuantityInCart()]]>
              </value>
            </param>
          </params>
          <reporter-output>
          </reporter-output>
        </test-method> <!-- startExtent -->
        <test-method is-config="true" signature="afterEachTestMethod(org.testng.ITestResult)[pri:0, instance:automationexercise.Case13_ProductQuantityCartTest@51df223b]" started-at="2023-10-31T10:04:01 BDT" name="afterEachTestMethod" finished-at="2023-10-31T10:04:03 BDT" duration-ms="1824" status="PASS">
          <params>
            <param index="0">
              <value>
                <![CDATA[[TestResult name=verifyProductQuantityInCart status=SUCCESS method=Case13_ProductQuantityCartTest.verifyProductQuantityInCart()[pri:0, instance:automationexercise.Case13_ProductQuantityCartTest@51df223b] output={null}]]]>
              </value>
            </param>
          </params>
          <reporter-output>
          </reporter-output>
        </test-method> <!-- afterEachTestMethod -->
      </class> <!-- automationexercise.Case13_ProductQuantityCartTest -->
      <class name="automationexercise.Case17_RemoveProductsFromCartTest">
        <test-method is-config="true" signature="setUp(boolean,java.lang.String,java.lang.String,java.lang.String,java.lang.String,java.lang.String,java.lang.String)[pri:0, instance:automationexercise.Case17_RemoveProductsFromCartTest@6a62689d]" started-at="2023-10-31T10:06:44 BDT" name="setUp" finished-at="2023-10-31T10:06:52 BDT" duration-ms="7583" status="PASS">
          <params>
            <param index="0">
              <value>
                <![CDATA[false]]>
              </value>
            </param>
            <param index="1">
              <value>
                <![CDATA[browserstack]]>
              </value>
            </param>
            <param index="2">
              <value>
                <![CDATA[OS X]]>
              </value>
            </param>
            <param index="3">
              <value>
                <![CDATA[10]]>
              </value>
            </param>
            <param index="4">
              <value>
                <![CDATA[chrome]]>
              </value>
            </param>
            <param index="5">
              <value>
                <![CDATA[110]]>
              </value>
            </param>
            <param index="6">
              <value>
                <![CDATA[http://www.automationexercise.com]]>
              </value>
            </param>
          </params>
          <reporter-output>
          </reporter-output>
        </test-method> <!-- setUp -->
        <test-method is-config="true" signature="startExtent(java.lang.reflect.Method)[pri:0, instance:automationexercise.Case17_RemoveProductsFromCartTest@6a62689d]" started-at="2023-10-31T10:06:52 BDT" name="startExtent" finished-at="2023-10-31T10:06:52 BDT" duration-ms="98" status="PASS">
          <params>
            <param index="0">
              <value>
                <![CDATA[public void automationexercise.Case17_RemoveProductsFromCartTest.verifyRemoveProductsFromCart()]]>
              </value>
            </param>
          </params>
          <reporter-output>
          </reporter-output>
        </test-method> <!-- startExtent -->
        <test-method signature="verifyRemoveProductsFromCart()[pri:0, instance:automationexercise.Case17_RemoveProductsFromCartTest@6a62689d]" started-at="2023-10-31T10:06:52 BDT" name="verifyRemoveProductsFromCart" finished-at="2023-10-31T10:07:12 BDT" duration-ms="20265" status="PASS">
          <reporter-output>
          </reporter-output>
        </test-method> <!-- verifyRemoveProductsFromCart -->
        <test-method is-config="true" signature="afterEachTestMethod(org.testng.ITestResult)[pri:0, instance:automationexercise.Case17_RemoveProductsFromCartTest@6a62689d]" started-at="2023-10-31T10:07:12 BDT" name="afterEachTestMethod" finished-at="2023-10-31T10:07:13 BDT" duration-ms="997" status="PASS">
          <params>
            <param index="0">
              <value>
                <![CDATA[[TestResult name=verifyRemoveProductsFromCart status=SUCCESS method=Case17_RemoveProductsFromCartTest.verifyRemoveProductsFromCart()[pri:0, instance:automationexercise.Case17_RemoveProductsFromCartTest@6a62689d] output={null}]]]>
              </value>
            </param>
          </params>
          <reporter-output>
          </reporter-output>
        </test-method> <!-- afterEachTestMethod -->
      </class> <!-- automationexercise.Case17_RemoveProductsFromCartTest -->
      <class name="automationexercise.Case15_PlaceOrderRegisterBeforeCheckoutTest">
        <test-method is-config="true" signature="setUp(boolean,java.lang.String,java.lang.String,java.lang.String,java.lang.String,java.lang.String,java.lang.String)[pri:0, instance:automationexercise.Case15_PlaceOrderRegisterBeforeCheckoutTest@60d8c0dc]" started-at="2023-10-31T10:05:01 BDT" name="setUp" finished-at="2023-10-31T10:05:11 BDT" duration-ms="9789" status="PASS">
          <params>
            <param index="0">
              <value>
                <![CDATA[false]]>
              </value>
            </param>
            <param index="1">
              <value>
                <![CDATA[browserstack]]>
              </value>
            </param>
            <param index="2">
              <value>
                <![CDATA[OS X]]>
              </value>
            </param>
            <param index="3">
              <value>
                <![CDATA[10]]>
              </value>
            </param>
            <param index="4">
              <value>
                <![CDATA[chrome]]>
              </value>
            </param>
            <param index="5">
              <value>
                <![CDATA[110]]>
              </value>
            </param>
            <param index="6">
              <value>
                <![CDATA[http://www.automationexercise.com]]>
              </value>
            </param>
          </params>
          <reporter-output>
          </reporter-output>
        </test-method> <!-- setUp -->
        <test-method is-config="true" signature="startExtent(java.lang.reflect.Method)[pri:0, instance:automationexercise.Case15_PlaceOrderRegisterBeforeCheckoutTest@60d8c0dc]" started-at="2023-10-31T10:05:11 BDT" name="startExtent" finished-at="2023-10-31T10:05:11 BDT" duration-ms="2" status="PASS">
          <params>
            <param index="0">
              <value>
                <![CDATA[public void automationexercise.Case15_PlaceOrderRegisterBeforeCheckoutTest.verifyPlaceOrderRegisterBeforeCheckout()]]>
              </value>
            </param>
          </params>
          <reporter-output>
          </reporter-output>
        </test-method> <!-- startExtent -->
        <test-method signature="verifyPlaceOrderRegisterBeforeCheckout()[pri:0, instance:automationexercise.Case15_PlaceOrderRegisterBeforeCheckoutTest@60d8c0dc]" started-at="2023-10-31T10:05:11 BDT" name="verifyPlaceOrderRegisterBeforeCheckout" finished-at="2023-10-31T10:05:52 BDT" duration-ms="41121" status="PASS">
          <reporter-output>
          </reporter-output>
        </test-method> <!-- verifyPlaceOrderRegisterBeforeCheckout -->
        <test-method is-config="true" signature="afterEachTestMethod(org.testng.ITestResult)[pri:0, instance:automationexercise.Case15_PlaceOrderRegisterBeforeCheckoutTest@60d8c0dc]" started-at="2023-10-31T10:05:52 BDT" name="afterEachTestMethod" finished-at="2023-10-31T10:05:53 BDT" duration-ms="1089" status="PASS">
          <params>
            <param index="0">
              <value>
                <![CDATA[[TestResult name=verifyPlaceOrderRegisterBeforeCheckout status=SUCCESS method=Case15_PlaceOrderRegisterBeforeCheckoutTest.verifyPlaceOrderRegisterBeforeCheckout()[pri:0, instance:automationexercise.Case15_PlaceOrderRegisterBeforeCheckoutTest@60d8c0dc] output={null}]]]>
              </value>
            </param>
          </params>
          <reporter-output>
          </reporter-output>
        </test-method> <!-- afterEachTestMethod -->
      </class> <!-- automationexercise.Case15_PlaceOrderRegisterBeforeCheckoutTest -->
      <class name="automationexercise.Case03_InvalidLoginTest">
        <test-method is-config="true" signature="setUp(boolean,java.lang.String,java.lang.String,java.lang.String,java.lang.String,java.lang.String,java.lang.String)[pri:0, instance:automationexercise.Case03_InvalidLoginTest@9635fa]" started-at="2023-10-31T09:59:11 BDT" name="setUp" finished-at="2023-10-31T09:59:19 BDT" duration-ms="7888" status="PASS">
          <params>
            <param index="0">
              <value>
                <![CDATA[false]]>
              </value>
            </param>
            <param index="1">
              <value>
                <![CDATA[browserstack]]>
              </value>
            </param>
            <param index="2">
              <value>
                <![CDATA[OS X]]>
              </value>
            </param>
            <param index="3">
              <value>
                <![CDATA[10]]>
              </value>
            </param>
            <param index="4">
              <value>
                <![CDATA[chrome]]>
              </value>
            </param>
            <param index="5">
              <value>
                <![CDATA[110]]>
              </value>
            </param>
            <param index="6">
              <value>
                <![CDATA[http://www.automationexercise.com]]>
              </value>
            </param>
          </params>
          <reporter-output>
          </reporter-output>
        </test-method> <!-- setUp -->
        <test-method is-config="true" signature="startExtent(java.lang.reflect.Method)[pri:0, instance:automationexercise.Case03_InvalidLoginTest@9635fa]" started-at="2023-10-31T09:59:19 BDT" name="startExtent" finished-at="2023-10-31T09:59:19 BDT" duration-ms="1" status="PASS">
          <params>
            <param index="0">
              <value>
                <![CDATA[public void automationexercise.Case03_InvalidLoginTest.loginWithValidCredentials()]]>
              </value>
            </param>
          </params>
          <reporter-output>
          </reporter-output>
        </test-method> <!-- startExtent -->
        <test-method signature="loginWithValidCredentials()[pri:0, instance:automationexercise.Case03_InvalidLoginTest@9635fa]" started-at="2023-10-31T09:59:19 BDT" name="loginWithValidCredentials" finished-at="2023-10-31T09:59:31 BDT" duration-ms="11965" status="PASS">
          <reporter-output>
          </reporter-output>
        </test-method> <!-- loginWithValidCredentials -->
        <test-method is-config="true" signature="afterEachTestMethod(org.testng.ITestResult)[pri:0, instance:automationexercise.Case03_InvalidLoginTest@9635fa]" started-at="2023-10-31T09:59:31 BDT" name="afterEachTestMethod" finished-at="2023-10-31T09:59:32 BDT" duration-ms="957" status="PASS">
          <params>
            <param index="0">
              <value>
                <![CDATA[[TestResult name=loginWithValidCredentials status=SUCCESS method=Case03_InvalidLoginTest.loginWithValidCredentials()[pri:0, instance:automationexercise.Case03_InvalidLoginTest@9635fa] output={null}]]]>
              </value>
            </param>
          </params>
          <reporter-output>
          </reporter-output>
        </test-method> <!-- afterEachTestMethod -->
      </class> <!-- automationexercise.Case03_InvalidLoginTest -->
      <class name="automationexercise.Case18_ViewCategoryProductsTest">
        <test-method is-config="true" signature="setUp(boolean,java.lang.String,java.lang.String,java.lang.String,java.lang.String,java.lang.String,java.lang.String)[pri:0, instance:automationexercise.Case18_ViewCategoryProductsTest@4602c2a9]" started-at="2023-10-31T10:07:13 BDT" name="setUp" finished-at="2023-10-31T10:07:22 BDT" duration-ms="8761" status="PASS">
          <params>
            <param index="0">
              <value>
                <![CDATA[false]]>
              </value>
            </param>
            <param index="1">
              <value>
                <![CDATA[browserstack]]>
              </value>
            </param>
            <param index="2">
              <value>
                <![CDATA[OS X]]>
              </value>
            </param>
            <param index="3">
              <value>
                <![CDATA[10]]>
              </value>
            </param>
            <param index="4">
              <value>
                <![CDATA[chrome]]>
              </value>
            </param>
            <param index="5">
              <value>
                <![CDATA[110]]>
              </value>
            </param>
            <param index="6">
              <value>
                <![CDATA[http://www.automationexercise.com]]>
              </value>
            </param>
          </params>
          <reporter-output>
          </reporter-output>
        </test-method> <!-- setUp -->
        <test-method is-config="true" signature="startExtent(java.lang.reflect.Method)[pri:0, instance:automationexercise.Case18_ViewCategoryProductsTest@4602c2a9]" started-at="2023-10-31T10:07:22 BDT" name="startExtent" finished-at="2023-10-31T10:07:22 BDT" duration-ms="1" status="PASS">
          <params>
            <param index="0">
              <value>
                <![CDATA[public void automationexercise.Case18_ViewCategoryProductsTest.verifyViewCategoryProducts()]]>
              </value>
            </param>
          </params>
          <reporter-output>
          </reporter-output>
        </test-method> <!-- startExtent -->
        <test-method signature="verifyViewCategoryProducts()[pri:0, instance:automationexercise.Case18_ViewCategoryProductsTest@4602c2a9]" started-at="2023-10-31T10:07:22 BDT" name="verifyViewCategoryProducts" finished-at="2023-10-31T10:07:36 BDT" duration-ms="14774" status="PASS">
          <reporter-output>
          </reporter-output>
        </test-method> <!-- verifyViewCategoryProducts -->
        <test-method is-config="true" signature="afterEachTestMethod(org.testng.ITestResult)[pri:0, instance:automationexercise.Case18_ViewCategoryProductsTest@4602c2a9]" started-at="2023-10-31T10:07:36 BDT" name="afterEachTestMethod" finished-at="2023-10-31T10:07:37 BDT" duration-ms="946" status="PASS">
          <params>
            <param index="0">
              <value>
                <![CDATA[[TestResult name=verifyViewCategoryProducts status=SUCCESS method=Case18_ViewCategoryProductsTest.verifyViewCategoryProducts()[pri:0, instance:automationexercise.Case18_ViewCategoryProductsTest@4602c2a9] output={null}]]]>
              </value>
            </param>
          </params>
          <reporter-output>
          </reporter-output>
        </test-method> <!-- afterEachTestMethod -->
      </class> <!-- automationexercise.Case18_ViewCategoryProductsTest -->
      <class name="automationexercise.Case16_PlaceOrderLoginBeforeCheckoutTest">
        <test-method is-config="true" signature="setUp(boolean,java.lang.String,java.lang.String,java.lang.String,java.lang.String,java.lang.String,java.lang.String)[pri:0, instance:automationexercise.Case16_PlaceOrderLoginBeforeCheckoutTest@4204541c]" started-at="2023-10-31T10:05:53 BDT" name="setUp" finished-at="2023-10-31T10:06:03 BDT" duration-ms="9383" status="PASS">
          <params>
            <param index="0">
              <value>
                <![CDATA[false]]>
              </value>
            </param>
            <param index="1">
              <value>
                <![CDATA[browserstack]]>
              </value>
            </param>
            <param index="2">
              <value>
                <![CDATA[OS X]]>
              </value>
            </param>
            <param index="3">
              <value>
                <![CDATA[10]]>
              </value>
            </param>
            <param index="4">
              <value>
                <![CDATA[chrome]]>
              </value>
            </param>
            <param index="5">
              <value>
                <![CDATA[110]]>
              </value>
            </param>
            <param index="6">
              <value>
                <![CDATA[http://www.automationexercise.com]]>
              </value>
            </param>
          </params>
          <reporter-output>
          </reporter-output>
        </test-method> <!-- setUp -->
        <test-method is-config="true" signature="startExtent(java.lang.reflect.Method)[pri:0, instance:automationexercise.Case16_PlaceOrderLoginBeforeCheckoutTest@4204541c]" started-at="2023-10-31T10:06:03 BDT" name="startExtent" finished-at="2023-10-31T10:06:03 BDT" duration-ms="3" status="PASS">
          <params>
            <param index="0">
              <value>
                <![CDATA[public void automationexercise.Case16_PlaceOrderLoginBeforeCheckoutTest.verifyPlaceOrderLoginBeforeCheckout()]]>
              </value>
            </param>
          </params>
          <reporter-output>
          </reporter-output>
        </test-method> <!-- startExtent -->
        <test-method signature="verifyPlaceOrderLoginBeforeCheckout()[pri:0, instance:automationexercise.Case16_PlaceOrderLoginBeforeCheckoutTest@4204541c]" started-at="2023-10-31T10:06:03 BDT" name="verifyPlaceOrderLoginBeforeCheckout" finished-at="2023-10-31T10:06:43 BDT" duration-ms="40363" status="PASS">
          <reporter-output>
          </reporter-output>
        </test-method> <!-- verifyPlaceOrderLoginBeforeCheckout -->
        <test-method is-config="true" signature="afterEachTestMethod(org.testng.ITestResult)[pri:0, instance:automationexercise.Case16_PlaceOrderLoginBeforeCheckoutTest@4204541c]" started-at="2023-10-31T10:06:43 BDT" name="afterEachTestMethod" finished-at="2023-10-31T10:06:44 BDT" duration-ms="930" status="PASS">
          <params>
            <param index="0">
              <value>
                <![CDATA[[TestResult name=verifyPlaceOrderLoginBeforeCheckout status=SUCCESS method=Case16_PlaceOrderLoginBeforeCheckoutTest.verifyPlaceOrderLoginBeforeCheckout()[pri:0, instance:automationexercise.Case16_PlaceOrderLoginBeforeCheckoutTest@4204541c] output={null}]]]>
              </value>
            </param>
          </params>
          <reporter-output>
          </reporter-output>
        </test-method> <!-- afterEachTestMethod -->
      </class> <!-- automationexercise.Case16_PlaceOrderLoginBeforeCheckoutTest -->
      <class name="automationexercise.Case11_SubscriptionCartTest">
        <test-method is-config="true" signature="setUp(boolean,java.lang.String,java.lang.String,java.lang.String,java.lang.String,java.lang.String,java.lang.String)[pri:0, instance:automationexercise.Case11_SubscriptionCartTest@2ce86164]" started-at="2023-10-31T10:02:33 BDT" name="setUp" finished-at="2023-10-31T10:02:43 BDT" duration-ms="9816" status="PASS">
          <params>
            <param index="0">
              <value>
                <![CDATA[false]]>
              </value>
            </param>
            <param index="1">
              <value>
                <![CDATA[browserstack]]>
              </value>
            </param>
            <param index="2">
              <value>
                <![CDATA[OS X]]>
              </value>
            </param>
            <param index="3">
              <value>
                <![CDATA[10]]>
              </value>
            </param>
            <param index="4">
              <value>
                <![CDATA[chrome]]>
              </value>
            </param>
            <param index="5">
              <value>
                <![CDATA[110]]>
              </value>
            </param>
            <param index="6">
              <value>
                <![CDATA[http://www.automationexercise.com]]>
              </value>
            </param>
          </params>
          <reporter-output>
          </reporter-output>
        </test-method> <!-- setUp -->
        <test-method is-config="true" signature="startExtent(java.lang.reflect.Method)[pri:0, instance:automationexercise.Case11_SubscriptionCartTest@2ce86164]" started-at="2023-10-31T10:02:43 BDT" name="startExtent" finished-at="2023-10-31T10:02:43 BDT" duration-ms="1" status="PASS">
          <params>
            <param index="0">
              <value>
                <![CDATA[public void automationexercise.Case11_SubscriptionCartTest.verifySubscriptionInCartPage()]]>
              </value>
            </param>
          </params>
          <reporter-output>
          </reporter-output>
        </test-method> <!-- startExtent -->
        <test-method signature="verifySubscriptionInCartPage()[pri:0, instance:automationexercise.Case11_SubscriptionCartTest@2ce86164]" started-at="2023-10-31T10:02:43 BDT" name="verifySubscriptionInCartPage" finished-at="2023-10-31T10:02:53 BDT" duration-ms="9992" status="PASS">
          <reporter-output>
          </reporter-output>
        </test-method> <!-- verifySubscriptionInCartPage -->
        <test-method is-config="true" signature="afterEachTestMethod(org.testng.ITestResult)[pri:0, instance:automationexercise.Case11_SubscriptionCartTest@2ce86164]" started-at="2023-10-31T10:02:53 BDT" name="afterEachTestMethod" finished-at="2023-10-31T10:02:54 BDT" duration-ms="1039" status="PASS">
          <params>
            <param index="0">
              <value>
                <![CDATA[[TestResult name=verifySubscriptionInCartPage status=SUCCESS method=Case11_SubscriptionCartTest.verifySubscriptionInCartPage()[pri:0, instance:automationexercise.Case11_SubscriptionCartTest@2ce86164] output={null}]]]>
              </value>
            </param>
          </params>
          <reporter-output>
          </reporter-output>
        </test-method> <!-- afterEachTestMethod -->
      </class> <!-- automationexercise.Case11_SubscriptionCartTest -->
      <class name="automationexercise.Case21_AddReviewOnProduct">
        <test-method is-config="true" signature="setUp(boolean,java.lang.String,java.lang.String,java.lang.String,java.lang.String,java.lang.String,java.lang.String)[pri:0, instance:automationexercise.Case21_AddReviewOnProduct@79e18e38]" started-at="2023-10-31T10:08:59 BDT" name="setUp" finished-at="2023-10-31T10:09:07 BDT" duration-ms="7825" status="PASS">
          <params>
            <param index="0">
              <value>
                <![CDATA[false]]>
              </value>
            </param>
            <param index="1">
              <value>
                <![CDATA[browserstack]]>
              </value>
            </param>
            <param index="2">
              <value>
                <![CDATA[OS X]]>
              </value>
            </param>
            <param index="3">
              <value>
                <![CDATA[10]]>
              </value>
            </param>
            <param index="4">
              <value>
                <![CDATA[chrome]]>
              </value>
            </param>
            <param index="5">
              <value>
                <![CDATA[110]]>
              </value>
            </param>
            <param index="6">
              <value>
                <![CDATA[http://www.automationexercise.com]]>
              </value>
            </param>
          </params>
          <reporter-output>
          </reporter-output>
        </test-method> <!-- setUp -->
        <test-method signature="verifyAddReviewOnProduct()[pri:0, instance:automationexercise.Case21_AddReviewOnProduct@79e18e38]" started-at="2023-10-31T10:09:07 BDT" name="verifyAddReviewOnProduct" finished-at="2023-10-31T10:09:27 BDT" duration-ms="20480" status="FAIL">
          <exception class="org.openqa.selenium.NoSuchElementException">
            <message>
              <![CDATA[no such element: Unable to locate element: {"method":"xpath","selector":"//a[@href='#reviews']"}
  (Session info: chrome=118.0.5993.118)
For documentation on this error, please visit: https://www.selenium.dev/documentation/webdriver/troubleshooting/errors#no-such-element-exception
Build info: version: '4.10.0', revision: 'c14d967899'
System info: os.name: 'Windows 10', os.arch: 'amd64', os.version: '10.0', java.version: '11.0.13'
Driver info: org.openqa.selenium.chrome.ChromeDriver
Command: [22d9386d80edaa06879a6ac63fe57615, findElement {using=xpath, value=//a[@href='#reviews']}]
Capabilities {acceptInsecureCerts: false, browserName: chrome, browserVersion: 118.0.5993.118, chrome: {chromedriverVersion: 118.0.5993.70 (e52f33f30b91..., userDataDir: C:\Users\Several\AppData\Lo...}, fedcm:accounts: true, goog:chromeOptions: {debuggerAddress: localhost:64022}, networkConnectionEnabled: false, pageLoadStrategy: normal, platformName: windows, proxy: Proxy(), se:cdp: ws://localhost:64022/devtoo..., se:cdpVersion: 118.0.5993.118, setWindowRect: true, strictFileInteractability: false, timeouts: {implicit: 0, pageLoad: 300000, script: 30000}, unhandledPromptBehavior: dismiss and notify, webauthn:extension:credBlob: true, webauthn:extension:largeBlob: true, webauthn:extension:minPinLength: true, webauthn:extension:prf: true, webauthn:virtualAuthenticators: true}
Session ID: 22d9386d80edaa06879a6ac63fe57615]]>
            </message>
            <full-stacktrace>
              <![CDATA[org.openqa.selenium.NoSuchElementException: no such element: Unable to locate element: {"method":"xpath","selector":"//a[@href='#reviews']"}
  (Session info: chrome=118.0.5993.118)
For documentation on this error, please visit: https://www.selenium.dev/documentation/webdriver/troubleshooting/errors#no-such-element-exception
Build info: version: '4.10.0', revision: 'c14d967899'
System info: os.name: 'Windows 10', os.arch: 'amd64', os.version: '10.0', java.version: '11.0.13'
Driver info: org.openqa.selenium.chrome.ChromeDriver
Command: [22d9386d80edaa06879a6ac63fe57615, findElement {using=xpath, value=//a[@href='#reviews']}]
Capabilities {acceptInsecureCerts: false, browserName: chrome, browserVersion: 118.0.5993.118, chrome: {chromedriverVersion: 118.0.5993.70 (e52f33f30b91..., userDataDir: C:\Users\Several\AppData\Lo...}, fedcm:accounts: true, goog:chromeOptions: {debuggerAddress: localhost:64022}, networkConnectionEnabled: false, pageLoadStrategy: normal, platformName: windows, proxy: Proxy(), se:cdp: ws://localhost:64022/devtoo..., se:cdpVersion: 118.0.5993.118, setWindowRect: true, strictFileInteractability: false, timeouts: {implicit: 0, pageLoad: 300000, script: 30000}, unhandledPromptBehavior: dismiss and notify, webauthn:extension:credBlob: true, webauthn:extension:largeBlob: true, webauthn:extension:minPinLength: true, webauthn:extension:prf: true, webauthn:virtualAuthenticators: true}
Session ID: 22d9386d80edaa06879a6ac63fe57615
at java.base/jdk.internal.reflect.NativeConstructorAccessorImpl.newInstance0(Native Method)
at java.base/jdk.internal.reflect.NativeConstructorAccessorImpl.newInstance(NativeConstructorAccessorImpl.java:62)
at java.base/jdk.internal.reflect.DelegatingConstructorAccessorImpl.newInstance(DelegatingConstructorAccessorImpl.java:45)
at java.base/java.lang.reflect.Constructor.newInstance(Constructor.java:490)
at org.openqa.selenium.remote.codec.w3c.W3CHttpResponseCodec.createException(W3CHttpResponseCodec.java:199)
at org.openqa.selenium.remote.codec.w3c.W3CHttpResponseCodec.decode(W3CHttpResponseCodec.java:132)
at org.openqa.selenium.remote.codec.w3c.W3CHttpResponseCodec.decode(W3CHttpResponseCodec.java:51)
at org.openqa.selenium.remote.HttpCommandExecutor.execute(HttpCommandExecutor.java:191)
at org.openqa.selenium.remote.service.DriverCommandExecutor.invokeExecute(DriverCommandExecutor.java:196)
at org.openqa.selenium.remote.service.DriverCommandExecutor.execute(DriverCommandExecutor.java:171)
at org.openqa.selenium.remote.RemoteWebDriver.execute(RemoteWebDriver.java:531)
at org.openqa.selenium.remote.ElementLocation$ElementFinder$2.findElement(ElementLocation.java:165)
at org.openqa.selenium.remote.ElementLocation.findElement(ElementLocation.java:59)
at org.openqa.selenium.remote.RemoteWebDriver.findElement(RemoteWebDriver.java:350)
at org.openqa.selenium.remote.RemoteWebDriver.findElement(RemoteWebDriver.java:344)
at org.openqa.selenium.support.pagefactory.DefaultElementLocator.findElement(DefaultElementLocator.java:68)
at org.openqa.selenium.support.pagefactory.internal.LocatingElementHandler.invoke(LocatingElementHandler.java:38)
at com.sun.proxy.$Proxy32.getText(Unknown Source)
at base.CommonAPI.getElementText(CommonAPI.java:193)
at pages.ProductPageAE.verifyReviewTitleText(ProductPageAE.java:138)
at automationexercise.Case21_AddReviewOnProduct.verifyAddReviewOnProduct(Case21_AddReviewOnProduct.java:37)
at java.base/jdk.internal.reflect.NativeMethodAccessorImpl.invoke0(Native Method)
at java.base/jdk.internal.reflect.NativeMethodAccessorImpl.invoke(NativeMethodAccessorImpl.java:62)
at java.base/jdk.internal.reflect.DelegatingMethodAccessorImpl.invoke(DelegatingMethodAccessorImpl.java:43)
at java.base/java.lang.reflect.Method.invoke(Method.java:566)
at org.testng.internal.invokers.MethodInvocationHelper.invokeMethod(MethodInvocationHelper.java:139)
at org.testng.internal.invokers.TestInvoker.invokeMethod(TestInvoker.java:664)
at org.testng.internal.invokers.TestInvoker.invokeTestMethod(TestInvoker.java:227)
at org.testng.internal.invokers.MethodRunner.runInSequence(MethodRunner.java:50)
at org.testng.internal.invokers.TestInvoker$MethodInvocationAgent.invoke(TestInvoker.java:957)
at org.testng.internal.invokers.TestInvoker.invokeTestMethods(TestInvoker.java:200)
at org.testng.internal.invokers.TestMethodWorker.invokeTestMethods(TestMethodWorker.java:148)
at org.testng.internal.invokers.TestMethodWorker.run(TestMethodWorker.java:128)
at java.base/java.util.ArrayList.forEach(ArrayList.java:1541)
at org.testng.TestRunner.privateRun(TestRunner.java:848)
at org.testng.TestRunner.run(TestRunner.java:621)
at org.testng.SuiteRunner.runTest(SuiteRunner.java:443)
at org.testng.SuiteRunner.runSequentially(SuiteRunner.java:437)
at org.testng.SuiteRunner.privateRun(SuiteRunner.java:397)
at org.testng.SuiteRunner.run(SuiteRunner.java:336)
at org.testng.SuiteRunnerWorker.runSuite(SuiteRunnerWorker.java:52)
at org.testng.SuiteRunnerWorker.run(SuiteRunnerWorker.java:95)
at org.testng.TestNG.runSuitesSequentially(TestNG.java:1280)
at org.testng.TestNG.runSuitesLocally(TestNG.java:1200)
at org.testng.TestNG.runSuites(TestNG.java:1114)
at org.testng.TestNG.run(TestNG.java:1082)
at org.apache.maven.surefire.testng.TestNGExecutor.run(TestNGExecutor.java:178)
at org.apache.maven.surefire.testng.TestNGXmlTestSuite.execute(TestNGXmlTestSuite.java:92)
at org.apache.maven.surefire.testng.TestNGProvider.invoke(TestNGProvider.java:96)
at java.base/jdk.internal.reflect.NativeMethodAccessorImpl.invoke0(Native Method)
at java.base/jdk.internal.reflect.NativeMethodAccessorImpl.invoke(NativeMethodAccessorImpl.java:62)
at java.base/jdk.internal.reflect.DelegatingMethodAccessorImpl.invoke(DelegatingMethodAccessorImpl.java:43)
at java.base/java.lang.reflect.Method.invoke(Method.java:566)
at org.apache.maven.surefire.util.ReflectionUtils.invokeMethodWithArray(ReflectionUtils.java:189)
at org.apache.maven.surefire.booter.ProviderFactory$ProviderProxy.invoke(ProviderFactory.java:165)
at org.apache.maven.surefire.booter.ProviderFactory.invokeProvider(ProviderFactory.java:85)
at org.apache.maven.surefire.booter.ForkedBooter.runSuitesInProcess(ForkedBooter.java:115)
at org.apache.maven.surefire.booter.ForkedBooter.main(ForkedBooter.java:75)
]]>
            </full-stacktrace>
          </exception> <!-- org.openqa.selenium.NoSuchElementException -->
          <reporter-output>
          </reporter-output>
        </test-method> <!-- verifyAddReviewOnProduct -->
        <test-method is-config="true" signature="startExtent(java.lang.reflect.Method)[pri:0, instance:automationexercise.Case21_AddReviewOnProduct@79e18e38]" started-at="2023-10-31T10:09:07 BDT" name="startExtent" finished-at="2023-10-31T10:09:07 BDT" duration-ms="0" status="PASS">
          <params>
            <param index="0">
              <value>
                <![CDATA[public void automationexercise.Case21_AddReviewOnProduct.verifyAddReviewOnProduct()]]>
              </value>
            </param>
          </params>
          <reporter-output>
          </reporter-output>
        </test-method> <!-- startExtent -->
        <test-method is-config="true" signature="afterEachTestMethod(org.testng.ITestResult)[pri:0, instance:automationexercise.Case21_AddReviewOnProduct@79e18e38]" started-at="2023-10-31T10:09:27 BDT" name="afterEachTestMethod" finished-at="2023-10-31T10:09:28 BDT" duration-ms="923" status="PASS">
          <params>
            <param index="0">
              <value>
                <![CDATA[[TestResult name=verifyAddReviewOnProduct status=FAILURE method=Case21_AddReviewOnProduct.verifyAddReviewOnProduct()[pri:0, instance:automationexercise.Case21_AddReviewOnProduct@79e18e38] output={null}]]]>
              </value>
            </param>
          </params>
          <reporter-output>
          </reporter-output>
        </test-method> <!-- afterEachTestMethod -->
      </class> <!-- automationexercise.Case21_AddReviewOnProduct -->
      <class name="automationexercise.Case19_ViewCartBrandProductsTest">
        <test-method is-config="true" signature="setUp(boolean,java.lang.String,java.lang.String,java.lang.String,java.lang.String,java.lang.String,java.lang.String)[pri:0, instance:automationexercise.Case19_ViewCartBrandProductsTest@60fa3495]" started-at="2023-10-31T10:07:37 BDT" name="setUp" finished-at="2023-10-31T10:07:45 BDT" duration-ms="7828" status="PASS">
          <params>
            <param index="0">
              <value>
                <![CDATA[false]]>
              </value>
            </param>
            <param index="1">
              <value>
                <![CDATA[browserstack]]>
              </value>
            </param>
            <param index="2">
              <value>
                <![CDATA[OS X]]>
              </value>
            </param>
            <param index="3">
              <value>
                <![CDATA[10]]>
              </value>
            </param>
            <param index="4">
              <value>
                <![CDATA[chrome]]>
              </value>
            </param>
            <param index="5">
              <value>
                <![CDATA[110]]>
              </value>
            </param>
            <param index="6">
              <value>
                <![CDATA[http://www.automationexercise.com]]>
              </value>
            </param>
          </params>
          <reporter-output>
          </reporter-output>
        </test-method> <!-- setUp -->
        <test-method is-config="true" signature="startExtent(java.lang.reflect.Method)[pri:0, instance:automationexercise.Case19_ViewCartBrandProductsTest@60fa3495]" started-at="2023-10-31T10:07:45 BDT" name="startExtent" finished-at="2023-10-31T10:07:45 BDT" duration-ms="1" status="PASS">
          <params>
            <param index="0">
              <value>
                <![CDATA[public void automationexercise.Case19_ViewCartBrandProductsTest.verifyViewAndCartBrandProducts()]]>
              </value>
            </param>
          </params>
          <reporter-output>
          </reporter-output>
        </test-method> <!-- startExtent -->
        <test-method signature="verifyViewAndCartBrandProducts()[pri:0, instance:automationexercise.Case19_ViewCartBrandProductsTest@60fa3495]" started-at="2023-10-31T10:07:45 BDT" name="verifyViewAndCartBrandProducts" finished-at="2023-10-31T10:08:04 BDT" duration-ms="19065" status="PASS">
          <reporter-output>
          </reporter-output>
        </test-method> <!-- verifyViewAndCartBrandProducts -->
        <test-method is-config="true" signature="afterEachTestMethod(org.testng.ITestResult)[pri:0, instance:automationexercise.Case19_ViewCartBrandProductsTest@60fa3495]" started-at="2023-10-31T10:08:04 BDT" name="afterEachTestMethod" finished-at="2023-10-31T10:08:05 BDT" duration-ms="897" status="PASS">
          <params>
            <param index="0">
              <value>
                <![CDATA[[TestResult name=verifyViewAndCartBrandProducts status=SUCCESS method=Case19_ViewCartBrandProductsTest.verifyViewAndCartBrandProducts()[pri:0, instance:automationexercise.Case19_ViewCartBrandProductsTest@60fa3495] output={null}]]]>
              </value>
            </param>
          </params>
          <reporter-output>
          </reporter-output>
        </test-method> <!-- afterEachTestMethod -->
      </class> <!-- automationexercise.Case19_ViewCartBrandProductsTest -->
      <class name="automationexercise.Case12_AddProductCart">
        <test-method is-config="true" signature="setUp(boolean,java.lang.String,java.lang.String,java.lang.String,java.lang.String,java.lang.String,java.lang.String)[pri:0, instance:automationexercise.Case12_AddProductCart@5e8f9e2d]" started-at="2023-10-31T10:02:54 BDT" name="setUp" finished-at="2023-10-31T10:03:02 BDT" duration-ms="7946" status="PASS">
          <params>
            <param index="0">
              <value>
                <![CDATA[false]]>
              </value>
            </param>
            <param index="1">
              <value>
                <![CDATA[browserstack]]>
              </value>
            </param>
            <param index="2">
              <value>
                <![CDATA[OS X]]>
              </value>
            </param>
            <param index="3">
              <value>
                <![CDATA[10]]>
              </value>
            </param>
            <param index="4">
              <value>
                <![CDATA[chrome]]>
              </value>
            </param>
            <param index="5">
              <value>
                <![CDATA[110]]>
              </value>
            </param>
            <param index="6">
              <value>
                <![CDATA[http://www.automationexercise.com]]>
              </value>
            </param>
          </params>
          <reporter-output>
          </reporter-output>
        </test-method> <!-- setUp -->
        <test-method signature="verifyAddProductsInCart()[pri:0, instance:automationexercise.Case12_AddProductCart@5e8f9e2d]" started-at="2023-10-31T10:03:02 BDT" name="verifyAddProductsInCart" finished-at="2023-10-31T10:03:42 BDT" duration-ms="39737" status="PASS">
          <reporter-output>
          </reporter-output>
        </test-method> <!-- verifyAddProductsInCart -->
        <test-method is-config="true" signature="startExtent(java.lang.reflect.Method)[pri:0, instance:automationexercise.Case12_AddProductCart@5e8f9e2d]" started-at="2023-10-31T10:03:02 BDT" name="startExtent" finished-at="2023-10-31T10:03:02 BDT" duration-ms="0" status="PASS">
          <params>
            <param index="0">
              <value>
                <![CDATA[public void automationexercise.Case12_AddProductCart.verifyAddProductsInCart()]]>
              </value>
            </param>
          </params>
          <reporter-output>
          </reporter-output>
        </test-method> <!-- startExtent -->
        <test-method is-config="true" signature="afterEachTestMethod(org.testng.ITestResult)[pri:0, instance:automationexercise.Case12_AddProductCart@5e8f9e2d]" started-at="2023-10-31T10:03:42 BDT" name="afterEachTestMethod" finished-at="2023-10-31T10:03:43 BDT" duration-ms="937" status="PASS">
          <params>
            <param index="0">
              <value>
                <![CDATA[[TestResult name=verifyAddProductsInCart status=SUCCESS method=Case12_AddProductCart.verifyAddProductsInCart()[pri:0, instance:automationexercise.Case12_AddProductCart@5e8f9e2d] output={null}]]]>
              </value>
            </param>
          </params>
          <reporter-output>
          </reporter-output>
        </test-method> <!-- afterEachTestMethod -->
      </class> <!-- automationexercise.Case12_AddProductCart -->
      <class name="automationexercise.Case20_SearchProductsVerifyCartAfterLoginTest">
        <test-method is-config="true" signature="setUp(boolean,java.lang.String,java.lang.String,java.lang.String,java.lang.String,java.lang.String,java.lang.String)[pri:0, instance:automationexercise.Case20_SearchProductsVerifyCartAfterLoginTest@3e2822]" started-at="2023-10-31T10:08:05 BDT" name="setUp" finished-at="2023-10-31T10:08:15 BDT" duration-ms="9549" status="PASS">
          <params>
            <param index="0">
              <value>
                <![CDATA[false]]>
              </value>
            </param>
            <param index="1">
              <value>
                <![CDATA[browserstack]]>
              </value>
            </param>
            <param index="2">
              <value>
                <![CDATA[OS X]]>
              </value>
            </param>
            <param index="3">
              <value>
                <![CDATA[10]]>
              </value>
            </param>
            <param index="4">
              <value>
                <![CDATA[chrome]]>
              </value>
            </param>
            <param index="5">
              <value>
                <![CDATA[110]]>
              </value>
            </param>
            <param index="6">
              <value>
                <![CDATA[http://www.automationexercise.com]]>
              </value>
            </param>
          </params>
          <reporter-output>
          </reporter-output>
        </test-method> <!-- setUp -->
        <test-method signature="verifyCaseSearchProductsAndVerifyCartAfterLogin()[pri:0, instance:automationexercise.Case20_SearchProductsVerifyCartAfterLoginTest@3e2822]" started-at="2023-10-31T10:08:15 BDT" name="verifyCaseSearchProductsAndVerifyCartAfterLogin" finished-at="2023-10-31T10:08:58 BDT" duration-ms="43406" status="PASS">
          <reporter-output>
          </reporter-output>
        </test-method> <!-- verifyCaseSearchProductsAndVerifyCartAfterLogin -->
        <test-method is-config="true" signature="startExtent(java.lang.reflect.Method)[pri:0, instance:automationexercise.Case20_SearchProductsVerifyCartAfterLoginTest@3e2822]" started-at="2023-10-31T10:08:15 BDT" name="startExtent" finished-at="2023-10-31T10:08:15 BDT" duration-ms="0" status="PASS">
          <params>
            <param index="0">
              <value>
                <![CDATA[public void automationexercise.Case20_SearchProductsVerifyCartAfterLoginTest.verifyCaseSearchProductsAndVerifyCartAfterLogin()]]>
              </value>
            </param>
          </params>
          <reporter-output>
          </reporter-output>
        </test-method> <!-- startExtent -->
        <test-method is-config="true" signature="afterEachTestMethod(org.testng.ITestResult)[pri:0, instance:automationexercise.Case20_SearchProductsVerifyCartAfterLoginTest@3e2822]" started-at="2023-10-31T10:08:58 BDT" name="afterEachTestMethod" finished-at="2023-10-31T10:08:59 BDT" duration-ms="969" status="PASS">
          <params>
            <param index="0">
              <value>
                <![CDATA[[TestResult name=verifyCaseSearchProductsAndVerifyCartAfterLogin status=SUCCESS method=Case20_SearchProductsVerifyCartAfterLoginTest.verifyCaseSearchProductsAndVerifyCartAfterLogin()[pri:0, instance:automationexercise.Case20_SearchProductsVerifyCartAfterLoginTest@3e2822] output={null}]]]>
              </value>
            </param>
          </params>
          <reporter-output>
          </reporter-output>
        </test-method> <!-- afterEachTestMethod -->
      </class> <!-- automationexercise.Case20_SearchProductsVerifyCartAfterLoginTest -->
      <class name="automationexercise.Case08_ProductsDetailsTest">
        <test-method is-config="true" signature="setUp(boolean,java.lang.String,java.lang.String,java.lang.String,java.lang.String,java.lang.String,java.lang.String)[pri:0, instance:automationexercise.Case08_ProductsDetailsTest@172ca72b]" started-at="2023-10-31T10:01:10 BDT" name="setUp" finished-at="2023-10-31T10:01:19 BDT" duration-ms="9419" status="PASS">
          <params>
            <param index="0">
              <value>
                <![CDATA[false]]>
              </value>
            </param>
            <param index="1">
              <value>
                <![CDATA[browserstack]]>
              </value>
            </param>
            <param index="2">
              <value>
                <![CDATA[OS X]]>
              </value>
            </param>
            <param index="3">
              <value>
                <![CDATA[10]]>
              </value>
            </param>
            <param index="4">
              <value>
                <![CDATA[chrome]]>
              </value>
            </param>
            <param index="5">
              <value>
                <![CDATA[110]]>
              </value>
            </param>
            <param index="6">
              <value>
                <![CDATA[http://www.automationexercise.com]]>
              </value>
            </param>
          </params>
          <reporter-output>
          </reporter-output>
        </test-method> <!-- setUp -->
        <test-method is-config="true" signature="startExtent(java.lang.reflect.Method)[pri:0, instance:automationexercise.Case08_ProductsDetailsTest@172ca72b]" started-at="2023-10-31T10:01:19 BDT" name="startExtent" finished-at="2023-10-31T10:01:19 BDT" duration-ms="0" status="PASS">
          <params>
            <param index="0">
              <value>
                <![CDATA[public void automationexercise.Case08_ProductsDetailsTest.verifyAllProductsAndProductDetailPage()]]>
              </value>
            </param>
          </params>
          <reporter-output>
          </reporter-output>
        </test-method> <!-- startExtent -->
        <test-method signature="verifyAllProductsAndProductDetailPage()[pri:0, instance:automationexercise.Case08_ProductsDetailsTest@172ca72b]" started-at="2023-10-31T10:01:19 BDT" name="verifyAllProductsAndProductDetailPage" finished-at="2023-10-31T10:01:41 BDT" duration-ms="21830" status="PASS">
          <reporter-output>
          </reporter-output>
        </test-method> <!-- verifyAllProductsAndProductDetailPage -->
        <test-method is-config="true" signature="afterEachTestMethod(org.testng.ITestResult)[pri:0, instance:automationexercise.Case08_ProductsDetailsTest@172ca72b]" started-at="2023-10-31T10:01:41 BDT" name="afterEachTestMethod" finished-at="2023-10-31T10:01:42 BDT" duration-ms="1066" status="PASS">
          <params>
            <param index="0">
              <value>
                <![CDATA[[TestResult name=verifyAllProductsAndProductDetailPage status=SUCCESS method=Case08_ProductsDetailsTest.verifyAllProductsAndProductDetailPage()[pri:0, instance:automationexercise.Case08_ProductsDetailsTest@172ca72b] output={null}]]]>
              </value>
            </param>
          </params>
          <reporter-output>
          </reporter-output>
        </test-method> <!-- afterEachTestMethod -->
      </class> <!-- automationexercise.Case08_ProductsDetailsTest -->
      <class name="automationexercise.Case05_InvalidSignupTest">
        <test-method is-config="true" signature="setUp(boolean,java.lang.String,java.lang.String,java.lang.String,java.lang.String,java.lang.String,java.lang.String)[pri:0, instance:automationexercise.Case05_InvalidSignupTest@63c5efee]" started-at="2023-10-31T09:59:57 BDT" name="setUp" finished-at="2023-10-31T10:00:07 BDT" duration-ms="10547" status="PASS">
          <params>
            <param index="0">
              <value>
                <![CDATA[false]]>
              </value>
            </param>
            <param index="1">
              <value>
                <![CDATA[browserstack]]>
              </value>
            </param>
            <param index="2">
              <value>
                <![CDATA[OS X]]>
              </value>
            </param>
            <param index="3">
              <value>
                <![CDATA[10]]>
              </value>
            </param>
            <param index="4">
              <value>
                <![CDATA[chrome]]>
              </value>
            </param>
            <param index="5">
              <value>
                <![CDATA[110]]>
              </value>
            </param>
            <param index="6">
              <value>
                <![CDATA[http://www.automationexercise.com]]>
              </value>
            </param>
          </params>
          <reporter-output>
          </reporter-output>
        </test-method> <!-- setUp -->
        <test-method is-config="true" signature="startExtent(java.lang.reflect.Method)[pri:0, instance:automationexercise.Case05_InvalidSignupTest@63c5efee]" started-at="2023-10-31T10:00:07 BDT" name="startExtent" finished-at="2023-10-31T10:00:07 BDT" duration-ms="1" status="PASS">
          <params>
            <param index="0">
              <value>
                <![CDATA[public void automationexercise.Case05_InvalidSignupTest.registerUserWithExistingEmail()]]>
              </value>
            </param>
          </params>
          <reporter-output>
          </reporter-output>
        </test-method> <!-- startExtent -->
        <test-method signature="registerUserWithExistingEmail()[pri:0, instance:automationexercise.Case05_InvalidSignupTest@63c5efee]" started-at="2023-10-31T10:00:07 BDT" name="registerUserWithExistingEmail" finished-at="2023-10-31T10:00:24 BDT" duration-ms="16127" status="PASS">
          <reporter-output>
          </reporter-output>
        </test-method> <!-- registerUserWithExistingEmail -->
        <test-method is-config="true" signature="afterEachTestMethod(org.testng.ITestResult)[pri:0, instance:automationexercise.Case05_InvalidSignupTest@63c5efee]" started-at="2023-10-31T10:00:24 BDT" name="afterEachTestMethod" finished-at="2023-10-31T10:00:24 BDT" duration-ms="941" status="PASS">
          <params>
            <param index="0">
              <value>
                <![CDATA[[TestResult name=registerUserWithExistingEmail status=SUCCESS method=Case05_InvalidSignupTest.registerUserWithExistingEmail()[pri:0, instance:automationexercise.Case05_InvalidSignupTest@63c5efee] output={null}]]]>
              </value>
            </param>
          </params>
          <reporter-output>
          </reporter-output>
        </test-method> <!-- afterEachTestMethod -->
      </class> <!-- automationexercise.Case05_InvalidSignupTest -->
      <class name="automationexercise.Case22_AddRecommendedItemInCart">
        <test-method is-config="true" signature="setUp(boolean,java.lang.String,java.lang.String,java.lang.String,java.lang.String,java.lang.String,java.lang.String)[pri:0, instance:automationexercise.Case22_AddRecommendedItemInCart@29a60c27]" started-at="2023-10-31T10:09:28 BDT" name="setUp" finished-at="2023-10-31T10:09:38 BDT" duration-ms="10082" status="PASS">
          <params>
            <param index="0">
              <value>
                <![CDATA[false]]>
              </value>
            </param>
            <param index="1">
              <value>
                <![CDATA[browserstack]]>
              </value>
            </param>
            <param index="2">
              <value>
                <![CDATA[OS X]]>
              </value>
            </param>
            <param index="3">
              <value>
                <![CDATA[10]]>
              </value>
            </param>
            <param index="4">
              <value>
                <![CDATA[chrome]]>
              </value>
            </param>
            <param index="5">
              <value>
                <![CDATA[110]]>
              </value>
            </param>
            <param index="6">
              <value>
                <![CDATA[http://www.automationexercise.com]]>
              </value>
            </param>
          </params>
          <reporter-output>
          </reporter-output>
        </test-method> <!-- setUp -->
        <test-method is-config="true" signature="startExtent(java.lang.reflect.Method)[pri:0, instance:automationexercise.Case22_AddRecommendedItemInCart@29a60c27]" started-at="2023-10-31T10:09:38 BDT" name="startExtent" finished-at="2023-10-31T10:09:38 BDT" duration-ms="1" status="PASS">
          <params>
            <param index="0">
              <value>
                <![CDATA[public void automationexercise.Case22_AddRecommendedItemInCart.verifyAddToCartFromRecommendedItems()]]>
              </value>
            </param>
          </params>
          <reporter-output>
          </reporter-output>
        </test-method> <!-- startExtent -->
        <test-method signature="verifyAddToCartFromRecommendedItems()[pri:0, instance:automationexercise.Case22_AddRecommendedItemInCart@29a60c27]" started-at="2023-10-31T10:09:38 BDT" name="verifyAddToCartFromRecommendedItems" finished-at="2023-10-31T10:09:56 BDT" duration-ms="17898" status="PASS">
          <reporter-output>
          </reporter-output>
        </test-method> <!-- verifyAddToCartFromRecommendedItems -->
        <test-method is-config="true" signature="afterEachTestMethod(org.testng.ITestResult)[pri:0, instance:automationexercise.Case22_AddRecommendedItemInCart@29a60c27]" started-at="2023-10-31T10:09:56 BDT" name="afterEachTestMethod" finished-at="2023-10-31T10:09:57 BDT" duration-ms="1182" status="PASS">
          <params>
            <param index="0">
              <value>
                <![CDATA[[TestResult name=verifyAddToCartFromRecommendedItems status=SUCCESS method=Case22_AddRecommendedItemInCart.verifyAddToCartFromRecommendedItems()[pri:0, instance:automationexercise.Case22_AddRecommendedItemInCart@29a60c27] output={null}]]]>
              </value>
            </param>
          </params>
          <reporter-output>
          </reporter-output>
        </test-method> <!-- afterEachTestMethod -->
      </class> <!-- automationexercise.Case22_AddRecommendedItemInCart -->
      <class name="automationexercise.Case09_SearchProductTest">
        <test-method is-config="true" signature="setUp(boolean,java.lang.String,java.lang.String,java.lang.String,java.lang.String,java.lang.String,java.lang.String)[pri:0, instance:automationexercise.Case09_SearchProductTest@5bda80bf]" started-at="2023-10-31T10:01:42 BDT" name="setUp" finished-at="2023-10-31T10:01:50 BDT" duration-ms="8059" status="PASS">
          <params>
            <param index="0">
              <value>
                <![CDATA[false]]>
              </value>
            </param>
            <param index="1">
              <value>
                <![CDATA[browserstack]]>
              </value>
            </param>
            <param index="2">
              <value>
                <![CDATA[OS X]]>
              </value>
            </param>
            <param index="3">
              <value>
                <![CDATA[10]]>
              </value>
            </param>
            <param index="4">
              <value>
                <![CDATA[chrome]]>
              </value>
            </param>
            <param index="5">
              <value>
                <![CDATA[110]]>
              </value>
            </param>
            <param index="6">
              <value>
                <![CDATA[http://www.automationexercise.com]]>
              </value>
            </param>
          </params>
          <reporter-output>
          </reporter-output>
        </test-method> <!-- setUp -->
        <test-method is-config="true" signature="startExtent(java.lang.reflect.Method)[pri:0, instance:automationexercise.Case09_SearchProductTest@5bda80bf]" started-at="2023-10-31T10:01:50 BDT" name="startExtent" finished-at="2023-10-31T10:01:50 BDT" duration-ms="5" status="PASS">
          <params>
            <param index="0">
              <value>
                <![CDATA[public void automationexercise.Case09_SearchProductTest.searchProduct()]]>
              </value>
            </param>
          </params>
          <reporter-output>
          </reporter-output>
        </test-method> <!-- startExtent -->
        <test-method signature="searchProduct()[pri:0, instance:automationexercise.Case09_SearchProductTest@5bda80bf]" started-at="2023-10-31T10:01:50 BDT" name="searchProduct" finished-at="2023-10-31T10:02:09 BDT" duration-ms="18260" status="PASS">
          <reporter-output>
          </reporter-output>
        </test-method> <!-- searchProduct -->
        <test-method is-config="true" signature="afterEachTestMethod(org.testng.ITestResult)[pri:0, instance:automationexercise.Case09_SearchProductTest@5bda80bf]" started-at="2023-10-31T10:02:09 BDT" name="afterEachTestMethod" finished-at="2023-10-31T10:02:10 BDT" duration-ms="1022" status="PASS">
          <params>
            <param index="0">
              <value>
                <![CDATA[[TestResult name=searchProduct status=SUCCESS method=Case09_SearchProductTest.searchProduct()[pri:0, instance:automationexercise.Case09_SearchProductTest@5bda80bf] output={null}]]]>
              </value>
            </param>
          </params>
          <reporter-output>
          </reporter-output>
        </test-method> <!-- afterEachTestMethod -->
      </class> <!-- automationexercise.Case09_SearchProductTest -->
      <class name="automationexercise.Case10_SubscriptionTest">
        <test-method is-config="true" signature="setUp(boolean,java.lang.String,java.lang.String,java.lang.String,java.lang.String,java.lang.String,java.lang.String)[pri:0, instance:automationexercise.Case10_SubscriptionTest@71e5f61d]" started-at="2023-10-31T10:02:10 BDT" name="setUp" finished-at="2023-10-31T10:02:21 BDT" duration-ms="11135" status="PASS">
          <params>
            <param index="0">
              <value>
                <![CDATA[false]]>
              </value>
            </param>
            <param index="1">
              <value>
                <![CDATA[browserstack]]>
              </value>
            </param>
            <param index="2">
              <value>
                <![CDATA[OS X]]>
              </value>
            </param>
            <param index="3">
              <value>
                <![CDATA[10]]>
              </value>
            </param>
            <param index="4">
              <value>
                <![CDATA[chrome]]>
              </value>
            </param>
            <param index="5">
              <value>
                <![CDATA[110]]>
              </value>
            </param>
            <param index="6">
              <value>
                <![CDATA[http://www.automationexercise.com]]>
              </value>
            </param>
          </params>
          <reporter-output>
          </reporter-output>
        </test-method> <!-- setUp -->
        <test-method is-config="true" signature="startExtent(java.lang.reflect.Method)[pri:0, instance:automationexercise.Case10_SubscriptionTest@71e5f61d]" started-at="2023-10-31T10:02:21 BDT" name="startExtent" finished-at="2023-10-31T10:02:21 BDT" duration-ms="1" status="PASS">
          <params>
            <param index="0">
              <value>
                <![CDATA[public void automationexercise.Case10_SubscriptionTest.verifySubscriptionInHomePage()]]>
              </value>
            </param>
          </params>
          <reporter-output>
          </reporter-output>
        </test-method> <!-- startExtent -->
        <test-method signature="verifySubscriptionInHomePage()[pri:0, instance:automationexercise.Case10_SubscriptionTest@71e5f61d]" started-at="2023-10-31T10:02:21 BDT" name="verifySubscriptionInHomePage" finished-at="2023-10-31T10:02:32 BDT" duration-ms="11628" status="PASS">
          <reporter-output>
          </reporter-output>
        </test-method> <!-- verifySubscriptionInHomePage -->
        <test-method is-config="true" signature="afterEachTestMethod(org.testng.ITestResult)[pri:0, instance:automationexercise.Case10_SubscriptionTest@71e5f61d]" started-at="2023-10-31T10:02:32 BDT" name="afterEachTestMethod" finished-at="2023-10-31T10:02:33 BDT" duration-ms="984" status="PASS">
          <params>
            <param index="0">
              <value>
                <![CDATA[[TestResult name=verifySubscriptionInHomePage status=SUCCESS method=Case10_SubscriptionTest.verifySubscriptionInHomePage()[pri:0, instance:automationexercise.Case10_SubscriptionTest@71e5f61d] output={null}]]]>
              </value>
            </param>
          </params>
          <reporter-output>
          </reporter-output>
        </test-method> <!-- afterEachTestMethod -->
      </class> <!-- automationexercise.Case10_SubscriptionTest -->
      <class name="automationexercise.Case06_ContactUsTest">
        <test-method is-config="true" signature="setUp(boolean,java.lang.String,java.lang.String,java.lang.String,java.lang.String,java.lang.String,java.lang.String)[pri:0, instance:automationexercise.Case06_ContactUsTest@2d10e0b1]" started-at="2023-10-31T10:00:24 BDT" name="setUp" finished-at="2023-10-31T10:00:32 BDT" duration-ms="7684" status="PASS">
          <params>
            <param index="0">
              <value>
                <![CDATA[false]]>
              </value>
            </param>
            <param index="1">
              <value>
                <![CDATA[browserstack]]>
              </value>
            </param>
            <param index="2">
              <value>
                <![CDATA[OS X]]>
              </value>
            </param>
            <param index="3">
              <value>
                <![CDATA[10]]>
              </value>
            </param>
            <param index="4">
              <value>
                <![CDATA[chrome]]>
              </value>
            </param>
            <param index="5">
              <value>
                <![CDATA[110]]>
              </value>
            </param>
            <param index="6">
              <value>
                <![CDATA[http://www.automationexercise.com]]>
              </value>
            </param>
          </params>
          <reporter-output>
          </reporter-output>
        </test-method> <!-- setUp -->
        <test-method signature="contactUsForm()[pri:0, instance:automationexercise.Case06_ContactUsTest@2d10e0b1]" started-at="2023-10-31T10:00:32 BDT" name="contactUsForm" finished-at="2023-10-31T10:00:50 BDT" duration-ms="17822" status="PASS">
          <reporter-output>
          </reporter-output>
        </test-method> <!-- contactUsForm -->
        <test-method is-config="true" signature="startExtent(java.lang.reflect.Method)[pri:0, instance:automationexercise.Case06_ContactUsTest@2d10e0b1]" started-at="2023-10-31T10:00:32 BDT" name="startExtent" finished-at="2023-10-31T10:00:32 BDT" duration-ms="0" status="PASS">
          <params>
            <param index="0">
              <value>
                <![CDATA[public void automationexercise.Case06_ContactUsTest.contactUsForm()]]>
              </value>
            </param>
          </params>
          <reporter-output>
          </reporter-output>
        </test-method> <!-- startExtent -->
        <test-method is-config="true" signature="afterEachTestMethod(org.testng.ITestResult)[pri:0, instance:automationexercise.Case06_ContactUsTest@2d10e0b1]" started-at="2023-10-31T10:00:50 BDT" name="afterEachTestMethod" finished-at="2023-10-31T10:00:51 BDT" duration-ms="953" status="PASS">
          <params>
            <param index="0">
              <value>
                <![CDATA[[TestResult name=contactUsForm status=SUCCESS method=Case06_ContactUsTest.contactUsForm()[pri:0, instance:automationexercise.Case06_ContactUsTest@2d10e0b1] output={null}]]]>
              </value>
            </param>
          </params>
          <reporter-output>
          </reporter-output>
        </test-method> <!-- afterEachTestMethod -->
      </class> <!-- automationexercise.Case06_ContactUsTest -->
      <class name="automationexercise.Case14_PlaceOrderRegisterWhileCheckoutTest">
        <test-method is-config="true" signature="setUp(boolean,java.lang.String,java.lang.String,java.lang.String,java.lang.String,java.lang.String,java.lang.String)[pri:0, instance:automationexercise.Case14_PlaceOrderRegisterWhileCheckoutTest@fd46303]" started-at="2023-10-31T10:04:03 BDT" name="setUp" finished-at="2023-10-31T10:04:12 BDT" duration-ms="9287" status="PASS">
          <params>
            <param index="0">
              <value>
                <![CDATA[false]]>
              </value>
            </param>
            <param index="1">
              <value>
                <![CDATA[browserstack]]>
              </value>
            </param>
            <param index="2">
              <value>
                <![CDATA[OS X]]>
              </value>
            </param>
            <param index="3">
              <value>
                <![CDATA[10]]>
              </value>
            </param>
            <param index="4">
              <value>
                <![CDATA[chrome]]>
              </value>
            </param>
            <param index="5">
              <value>
                <![CDATA[110]]>
              </value>
            </param>
            <param index="6">
              <value>
                <![CDATA[http://www.automationexercise.com]]>
              </value>
            </param>
          </params>
          <reporter-output>
          </reporter-output>
        </test-method> <!-- setUp -->
        <test-method is-config="true" signature="startExtent(java.lang.reflect.Method)[pri:0, instance:automationexercise.Case14_PlaceOrderRegisterWhileCheckoutTest@fd46303]" started-at="2023-10-31T10:04:12 BDT" name="startExtent" finished-at="2023-10-31T10:04:12 BDT" duration-ms="1" status="PASS">
          <params>
            <param index="0">
              <value>
                <![CDATA[public void automationexercise.Case14_PlaceOrderRegisterWhileCheckoutTest.verifyPlaceOrderRegisterWhileCheckout()]]>
              </value>
            </param>
          </params>
          <reporter-output>
          </reporter-output>
        </test-method> <!-- startExtent -->
        <test-method signature="verifyPlaceOrderRegisterWhileCheckout()[pri:0, instance:automationexercise.Case14_PlaceOrderRegisterWhileCheckoutTest@fd46303]" started-at="2023-10-31T10:04:12 BDT" name="verifyPlaceOrderRegisterWhileCheckout" finished-at="2023-10-31T10:05:00 BDT" duration-ms="47895" status="PASS">
          <reporter-output>
          </reporter-output>
        </test-method> <!-- verifyPlaceOrderRegisterWhileCheckout -->
        <test-method is-config="true" signature="afterEachTestMethod(org.testng.ITestResult)[pri:0, instance:automationexercise.Case14_PlaceOrderRegisterWhileCheckoutTest@fd46303]" started-at="2023-10-31T10:05:00 BDT" name="afterEachTestMethod" finished-at="2023-10-31T10:05:01 BDT" duration-ms="1036" status="PASS">
          <params>
            <param index="0">
              <value>
                <![CDATA[[TestResult name=verifyPlaceOrderRegisterWhileCheckout status=SUCCESS method=Case14_PlaceOrderRegisterWhileCheckoutTest.verifyPlaceOrderRegisterWhileCheckout()[pri:0, instance:automationexercise.Case14_PlaceOrderRegisterWhileCheckoutTest@fd46303] output={null}]]]>
              </value>
            </param>
          </params>
          <reporter-output>
          </reporter-output>
        </test-method> <!-- afterEachTestMethod -->
      </class> <!-- automationexercise.Case14_PlaceOrderRegisterWhileCheckoutTest -->
      <class name="automationexercise.Case01_RegisterUserTest">
        <test-method is-config="true" signature="extentSetup(org.testng.ITestContext)[pri:0, instance:automationexercise.Case01_RegisterUserTest@184497d1]" started-at="2023-10-31T09:58:13 BDT" name="extentSetup" finished-at="2023-10-31T09:58:14 BDT" duration-ms="205" status="PASS">
          <params>
            <param index="0">
              <value>
                <![CDATA[org.testng.TestRunner@158566f8]]>
              </value>
            </param>
          </params>
          <reporter-output>
            <line>
              <![CDATA[Extent Report DirectoryD:\fiverr\zzz\atiqrafi\Aug2023SeleniumProject\target\surefire-reports\html]]>
            </line>
          </reporter-output>
        </test-method> <!-- extentSetup -->
        <test-method is-config="true" signature="setUp(boolean,java.lang.String,java.lang.String,java.lang.String,java.lang.String,java.lang.String,java.lang.String)[pri:0, instance:automationexercise.Case01_RegisterUserTest@184497d1]" started-at="2023-10-31T09:58:14 BDT" name="setUp" finished-at="2023-10-31T09:58:24 BDT" duration-ms="10387" status="PASS">
          <params>
            <param index="0">
              <value>
                <![CDATA[false]]>
              </value>
            </param>
            <param index="1">
              <value>
                <![CDATA[browserstack]]>
              </value>
            </param>
            <param index="2">
              <value>
                <![CDATA[OS X]]>
              </value>
            </param>
            <param index="3">
              <value>
                <![CDATA[10]]>
              </value>
            </param>
            <param index="4">
              <value>
                <![CDATA[chrome]]>
              </value>
            </param>
            <param index="5">
              <value>
                <![CDATA[110]]>
              </value>
            </param>
            <param index="6">
              <value>
                <![CDATA[http://www.automationexercise.com]]>
              </value>
            </param>
          </params>
          <reporter-output>
          </reporter-output>
        </test-method> <!-- setUp -->
        <test-method is-config="true" signature="startExtent(java.lang.reflect.Method)[pri:0, instance:automationexercise.Case01_RegisterUserTest@184497d1]" started-at="2023-10-31T09:58:24 BDT" name="startExtent" finished-at="2023-10-31T09:58:24 BDT" duration-ms="12" status="PASS">
          <params>
            <param index="0">
              <value>
                <![CDATA[public void automationexercise.Case01_RegisterUserTest.signupWithValidCredentials()]]>
              </value>
            </param>
          </params>
          <reporter-output>
          </reporter-output>
        </test-method> <!-- startExtent -->
        <test-method signature="signupWithValidCredentials()[pri:0, instance:automationexercise.Case01_RegisterUserTest@184497d1]" started-at="2023-10-31T09:58:24 BDT" name="signupWithValidCredentials" finished-at="2023-10-31T09:58:44 BDT" duration-ms="19633" status="PASS">
          <reporter-output>
          </reporter-output>
        </test-method> <!-- signupWithValidCredentials -->
        <test-method is-config="true" signature="afterEachTestMethod(org.testng.ITestResult)[pri:0, instance:automationexercise.Case01_RegisterUserTest@184497d1]" started-at="2023-10-31T09:58:44 BDT" name="afterEachTestMethod" finished-at="2023-10-31T09:58:45 BDT" duration-ms="1387" status="PASS">
          <params>
            <param index="0">
              <value>
                <![CDATA[[TestResult name=signupWithValidCredentials status=SUCCESS method=Case01_RegisterUserTest.signupWithValidCredentials()[pri:0, instance:automationexercise.Case01_RegisterUserTest@184497d1] output={null}]]]>
              </value>
            </param>
          </params>
          <reporter-output>
          </reporter-output>
        </test-method> <!-- afterEachTestMethod -->
        <test-method is-config="true" signature="generateReport()[pri:0, instance:automationexercise.Case01_RegisterUserTest@184497d1]" started-at="2023-10-31T10:12:11 BDT" name="generateReport" finished-at="2023-10-31T10:12:11 BDT" duration-ms="65" status="PASS">
          <reporter-output>
          </reporter-output>
        </test-method> <!-- generateReport -->
      </class> <!-- automationexercise.Case01_RegisterUserTest -->
      <class name="automationexercise.Case23_AddressDetailsInCheckout">
        <test-method is-config="true" signature="setUp(boolean,java.lang.String,java.lang.String,java.lang.String,java.lang.String,java.lang.String,java.lang.String)[pri:0, instance:automationexercise.Case23_AddressDetailsInCheckout@1849db1a]" started-at="2023-10-31T10:09:57 BDT" name="setUp" finished-at="2023-10-31T10:10:05 BDT" duration-ms="7529" status="PASS">
          <params>
            <param index="0">
              <value>
                <![CDATA[false]]>
              </value>
            </param>
            <param index="1">
              <value>
                <![CDATA[browserstack]]>
              </value>
            </param>
            <param index="2">
              <value>
                <![CDATA[OS X]]>
              </value>
            </param>
            <param index="3">
              <value>
                <![CDATA[10]]>
              </value>
            </param>
            <param index="4">
              <value>
                <![CDATA[chrome]]>
              </value>
            </param>
            <param index="5">
              <value>
                <![CDATA[110]]>
              </value>
            </param>
            <param index="6">
              <value>
                <![CDATA[http://www.automationexercise.com]]>
              </value>
            </param>
          </params>
          <reporter-output>
          </reporter-output>
        </test-method> <!-- setUp -->
        <test-method is-config="true" signature="startExtent(java.lang.reflect.Method)[pri:0, instance:automationexercise.Case23_AddressDetailsInCheckout@1849db1a]" started-at="2023-10-31T10:10:05 BDT" name="startExtent" finished-at="2023-10-31T10:10:05 BDT" duration-ms="1" status="PASS">
          <params>
            <param index="0">
              <value>
                <![CDATA[public void automationexercise.Case23_AddressDetailsInCheckout.verifyAddressDetailsInCheckoutPage()]]>
              </value>
            </param>
          </params>
          <reporter-output>
          </reporter-output>
        </test-method> <!-- startExtent -->
        <test-method signature="verifyAddressDetailsInCheckoutPage()[pri:0, instance:automationexercise.Case23_AddressDetailsInCheckout@1849db1a]" started-at="2023-10-31T10:10:05 BDT" name="verifyAddressDetailsInCheckoutPage" finished-at="2023-10-31T10:10:35 BDT" duration-ms="30290" status="PASS">
          <reporter-output>
          </reporter-output>
        </test-method> <!-- verifyAddressDetailsInCheckoutPage -->
        <test-method is-config="true" signature="afterEachTestMethod(org.testng.ITestResult)[pri:0, instance:automationexercise.Case23_AddressDetailsInCheckout@1849db1a]" started-at="2023-10-31T10:10:35 BDT" name="afterEachTestMethod" finished-at="2023-10-31T10:10:36 BDT" duration-ms="928" status="PASS">
          <params>
            <param index="0">
              <value>
                <![CDATA[[TestResult name=verifyAddressDetailsInCheckoutPage status=SUCCESS method=Case23_AddressDetailsInCheckout.verifyAddressDetailsInCheckoutPage()[pri:0, instance:automationexercise.Case23_AddressDetailsInCheckout@1849db1a] output={null}]]]>
              </value>
            </param>
          </params>
          <reporter-output>
          </reporter-output>
        </test-method> <!-- afterEachTestMethod -->
      </class> <!-- automationexercise.Case23_AddressDetailsInCheckout -->
    </test> <!-- automation exercise demo test -->
  </suite> <!-- regression suite -->
</testng-results>
