<?xml version="1.0" encoding="UTF-8" ?>
<testsuite tests="26" failures="1" name="TestSuite" time="581.309" errors="0" skipped="0">
  <properties>
    <property name="java.runtime.name" value="Java(TM) SE Runtime Environment"/>
    <property name="java.vm.version" value="11.0.13+10-LTS-370"/>
    <property name="sun.boot.library.path" value="C:\Program Files\Java\jdk-11.0.13\bin"/>
    <property name="maven.multiModuleProjectDirectory" value="D:\fiverr\zzz\atiqrafi\Aug2023SeleniumProject"/>
    <property name="java.vm.vendor" value="Oracle Corporation"/>
    <property name="java.vendor.url" value="https://openjdk.java.net/"/>
    <property name="guice.disable.misplaced.annotation.check" value="true"/>
    <property name="path.separator" value=";"/>
    <property name="java.vm.name" value="Java HotSpot(TM) 64-Bit Server VM"/>
    <property name="sun.os.patch.level" value=""/>
    <property name="user.script" value=""/>
    <property name="user.country" value="US"/>
    <property name="sun.java.launcher" value="SUN_STANDARD"/>
    <property name="java.vm.specification.name" value="Java Virtual Machine Specification"/>
    <property name="user.dir" value="D:\fiverr\zzz\atiqrafi\Aug2023SeleniumProject"/>
    <property name="java.vm.compressedOopsMode" value="32-bit"/>
    <property name="java.runtime.version" value="11.0.13+10-LTS-370"/>
    <property name="java.awt.graphicsenv" value="sun.awt.Win32GraphicsEnvironment"/>
    <property name="os.arch" value="amd64"/>
    <property name="java.io.tmpdir" value="C:\Users\Several\AppData\Local\Temp\"/>
    <property name="line.separator" value="
"/>
    <property name="java.vm.specification.vendor" value="Oracle Corporation"/>
    <property name="user.variant" value=""/>
    <property name="os.name" value="Windows 10"/>
    <property name="classworlds.conf" value="C:\Apache\apache-maven-3.8.6\bin\m2.conf"/>
    <property name="sun.jnu.encoding" value="Cp1252"/>
    <property name="java.library.path" value="C:\Program Files\Java\jdk-11.0.13\bin;C:\WINDOWS\Sun\Java\bin;C:\WINDOWS\system32;C:\WINDOWS;C:\Program Files\Java\jdk-11.0.13\bin;C:\Apache\apache-maven-3.8.6\bin;C:\Program Files\Common Files\Oracle\Java\javapath;C:\WINDOWS\system32;C:\WINDOWS;C:\WINDOWS\System32\Wbem;C:\WINDOWS\System32\WindowsPowerShell\v1.0\;C:\WINDOWS\System32\OpenSSH\;C:\Program Files\dotnet\;C:\Program Files\Git\cmd;C:\Program Files\MySQL\MySQL Server 8.0\bin;C:\gradle-7.6.1\bin;C:\Program Files\nodejs\;C:\xampp\php;C:\wamp64\bin\php\php8.2.0;C:\ProgramData\ComposerSetup\bin;C:\Program Files (x86)\Tesseract-OCR;C:\Program Files\MySQL\MySQL Shell 8.0\bin\;C:\Users\Several\AppData\Local\Programs\Python\Python311\Scripts\;C:\Users\Several\AppData\Local\Programs\Python\Python311\;C:\Users\Several\AppData\Local\Microsoft\WindowsApps;;C:\Users\Several\AppData\Local\Programs\Microsoft VS Code\bin;C:\Program Files\JetBrains\IntelliJ IDEA Community Edition 2022.2.3\bin;;C:\Program Files\JetBrains\IntelliJ IDEA 2022.2.3\bin;;C:\Program Files\JetBrains\PyCharm Community Edition 2022.3\bin;;C:\Users\Several\AppData\Roaming\npm;C:\Users\Several\AppData\Roaming\Composer\vendor\bin;."/>
    <property name="maven.conf" value="C:\Apache\apache-maven-3.8.6/conf"/>
    <property name="jdk.debug" value="release"/>
    <property name="java.class.version" value="55.0"/>
    <property name="java.specification.name" value="Java Platform API Specification"/>
    <property name="sun.management.compiler" value="HotSpot 64-Bit Tiered Compilers"/>
    <property name="os.version" value="10.0"/>
    <property name="library.jansi.path" value="C:\Apache\apache-maven-3.8.6\lib\jansi-native"/>
    <property name="user.home" value="C:\Users\Several"/>
    <property name="user.timezone" value="Asia/Dhaka"/>
    <property name="java.awt.printerjob" value="sun.awt.windows.WPrinterJob"/>
    <property name="file.encoding" value="Cp1252"/>
    <property name="java.specification.version" value="11"/>
    <property name="user.name" value="Several"/>
    <property name="java.class.path" value="C:\Apache\apache-maven-3.8.6\boot\plexus-classworlds-2.6.0.jar"/>
    <property name="java.vm.specification.version" value="11"/>
    <property name="sun.arch.data.model" value="64"/>
    <property name="sun.java.command" value="org.codehaus.plexus.classworlds.launcher.Launcher clean install"/>
    <property name="java.home" value="C:\Program Files\Java\jdk-11.0.13"/>
    <property name="user.language" value="en"/>
    <property name="java.specification.vendor" value="Oracle Corporation"/>
    <property name="awt.toolkit" value="sun.awt.windows.WToolkit"/>
    <property name="java.vm.info" value="mixed mode"/>
    <property name="java.version" value="11.0.13"/>
    <property name="java.vendor" value="Oracle Corporation"/>
    <property name="sun.stderr.encoding" value="cp437"/>
    <property name="maven.home" value="C:\Apache\apache-maven-3.8.6"/>
    <property name="file.separator" value="\"/>
    <property name="java.version.date" value="2021-10-19"/>
    <property name="java.vendor.url.bug" value="https://bugreport.java.com/bugreport/"/>
    <property name="sun.io.unicode.encoding" value="UnicodeLittle"/>
    <property name="sun.cpu.endian" value="little"/>
    <property name="java.vendor.version" value="18.9"/>
    <property name="sun.stdout.encoding" value="cp437"/>
    <property name="sun.desktop" value="windows"/>
    <property name="sun.cpu.isalist" value="amd64"/>
  </properties>
  <testcase classname="automationexercise.Case01_RegisterUserTest" name="signupWithValidCredentials" time="19.654"/>
  <testcase classname="automationexercise.Case02_ValidLoginTest" name="loginWithValidCredentials" time="17.256"/>
  <testcase classname="automationexercise.Case03_InvalidLoginTest" name="loginWithValidCredentials" time="11.966"/>
  <testcase classname="automationexercise.Case04_LogoutUserTest" name="logoutUser" time="13.601"/>
  <testcase classname="automationexercise.Case05_InvalidSignupTest" name="registerUserWithExistingEmail" time="16.126"/>
  <testcase classname="automationexercise.Case06_ContactUsTest" name="contactUsForm" time="17.824"/>
  <testcase classname="automationexercise.Case07_TestCasesPageTest" name="verifyTestCasesPage" time="10.105"/>
  <testcase classname="automationexercise.Case08_ProductsDetailsTest" name="verifyAllProductsAndProductDetailPage" time="21.831"/>
  <testcase classname="automationexercise.Case09_SearchProductTest" name="searchProduct" time="18.258"/>
  <testcase classname="automationexercise.Case10_SubscriptionTest" name="verifySubscriptionInHomePage" time="11.627"/>
  <testcase classname="automationexercise.Case11_SubscriptionCartTest" name="verifySubscriptionInCartPage" time="9.987"/>
  <testcase classname="automationexercise.Case12_AddProductCart" name="verifyAddProductsInCart" time="39.729"/>
  <testcase classname="automationexercise.Case13_ProductQuantityCartTest" name="verifyProductQuantityInCart" time="13.067"/>
  <testcase classname="automationexercise.Case14_PlaceOrderRegisterWhileCheckoutTest" name="verifyPlaceOrderRegisterWhileCheckout" time="47.889"/>
  <testcase classname="automationexercise.Case15_PlaceOrderRegisterBeforeCheckoutTest" name="verifyPlaceOrderRegisterBeforeCheckout" time="41.121"/>
  <testcase classname="automationexercise.Case16_PlaceOrderLoginBeforeCheckoutTest" name="verifyPlaceOrderLoginBeforeCheckout" time="40.36"/>
  <testcase classname="automationexercise.Case17_RemoveProductsFromCartTest" name="verifyRemoveProductsFromCart" time="20.124"/>
  <testcase classname="automationexercise.Case18_ViewCategoryProductsTest" name="verifyViewCategoryProducts" time="14.771"/>
  <testcase classname="automationexercise.Case19_ViewCartBrandProductsTest" name="verifyViewAndCartBrandProducts" time="19.065"/>
  <testcase classname="automationexercise.Case20_SearchProductsVerifyCartAfterLoginTest" name="verifyCaseSearchProductsAndVerifyCartAfterLogin" time="43.404"/>
  <testcase classname="automationexercise.Case21_AddReviewOnProduct" name="verifyAddReviewOnProduct" time="20.487">
    <failure message="no such element: Unable to locate element: {&quot;method&quot;:&quot;xpath&quot;,&quot;selector&quot;:&quot;//a[@href=&apos;#reviews&apos;]&quot;}
  (Session info: chrome=118.0.5993.118)
For documentation on this error, please visit: https://www.selenium.dev/documentation/webdriver/troubleshooting/errors#no-such-element-exception
Build info: version: &apos;4.10.0&apos;, revision: &apos;c14d967899&apos;
System info: os.name: &apos;Windows 10&apos;, os.arch: &apos;amd64&apos;, os.version: &apos;10.0&apos;, java.version: &apos;11.0.13&apos;
Driver info: org.openqa.selenium.chrome.ChromeDriver
Command: [22d9386d80edaa06879a6ac63fe57615, findElement {using=xpath, value=//a[@href=&apos;#reviews&apos;]}]
Capabilities {acceptInsecureCerts: false, browserName: chrome, browserVersion: 118.0.5993.118, chrome: {chromedriverVersion: 118.0.5993.70 (e52f33f30b91..., userDataDir: C:\Users\Several\AppData\Lo...}, fedcm:accounts: true, goog:chromeOptions: {debuggerAddress: localhost:64022}, networkConnectionEnabled: false, pageLoadStrategy: normal, platformName: windows, proxy: Proxy(), se:cdp: ws://localhost:64022/devtoo..., se:cdpVersion: 118.0.5993.118, setWindowRect: true, strictFileInteractability: false, timeouts: {implicit: 0, pageLoad: 300000, script: 30000}, unhandledPromptBehavior: dismiss and notify, webauthn:extension:credBlob: true, webauthn:extension:largeBlob: true, webauthn:extension:minPinLength: true, webauthn:extension:prf: true, webauthn:virtualAuthenticators: true}
Session ID: 22d9386d80edaa06879a6ac63fe57615" type="org.openqa.selenium.NoSuchElementException">org.openqa.selenium.NoSuchElementException: no such element: Unable to locate element: {&quot;method&quot;:&quot;xpath&quot;,&quot;selector&quot;:&quot;//a[@href=&apos;#reviews&apos;]&quot;}
  (Session info: chrome=118.0.5993.118)
For documentation on this error, please visit: https://www.selenium.dev/documentation/webdriver/troubleshooting/errors#no-such-element-exception
Build info: version: &apos;4.10.0&apos;, revision: &apos;c14d967899&apos;
System info: os.name: &apos;Windows 10&apos;, os.arch: &apos;amd64&apos;, os.version: &apos;10.0&apos;, java.version: &apos;11.0.13&apos;
Driver info: org.openqa.selenium.chrome.ChromeDriver
Command: [22d9386d80edaa06879a6ac63fe57615, findElement {using=xpath, value=//a[@href=&apos;#reviews&apos;]}]
Capabilities {acceptInsecureCerts: false, browserName: chrome, browserVersion: 118.0.5993.118, chrome: {chromedriverVersion: 118.0.5993.70 (e52f33f30b91..., userDataDir: C:\Users\Several\AppData\Lo...}, fedcm:accounts: true, goog:chromeOptions: {debuggerAddress: localhost:64022}, networkConnectionEnabled: false, pageLoadStrategy: normal, platformName: windows, proxy: Proxy(), se:cdp: ws://localhost:64022/devtoo..., se:cdpVersion: 118.0.5993.118, setWindowRect: true, strictFileInteractability: false, timeouts: {implicit: 0, pageLoad: 300000, script: 30000}, unhandledPromptBehavior: dismiss and notify, webauthn:extension:credBlob: true, webauthn:extension:largeBlob: true, webauthn:extension:minPinLength: true, webauthn:extension:prf: true, webauthn:virtualAuthenticators: true}
Session ID: 22d9386d80edaa06879a6ac63fe57615
	at java.base/jdk.internal.reflect.NativeConstructorAccessorImpl.newInstance0(Native Method)
	at java.base/jdk.internal.reflect.NativeConstructorAccessorImpl.newInstance(NativeConstructorAccessorImpl.java:62)
	at java.base/jdk.internal.reflect.DelegatingConstructorAccessorImpl.newInstance(DelegatingConstructorAccessorImpl.java:45)
	at java.base/java.lang.reflect.Constructor.newInstance(Constructor.java:490)
	at org.openqa.selenium.remote.codec.w3c.W3CHttpResponseCodec.createException(W3CHttpResponseCodec.java:199)
	at org.openqa.selenium.remote.codec.w3c.W3CHttpResponseCodec.decode(W3CHttpResponseCodec.java:132)
	at org.openqa.selenium.remote.codec.w3c.W3CHttpResponseCodec.decode(W3CHttpResponseCodec.java:51)
	at org.openqa.selenium.remote.HttpCommandExecutor.execute(HttpCommandExecutor.java:191)
	at org.openqa.selenium.remote.service.DriverCommandExecutor.invokeExecute(DriverCommandExecutor.java:196)
	at org.openqa.selenium.remote.service.DriverCommandExecutor.execute(DriverCommandExecutor.java:171)
	at org.openqa.selenium.remote.RemoteWebDriver.execute(RemoteWebDriver.java:531)
	at org.openqa.selenium.remote.ElementLocation$ElementFinder$2.findElement(ElementLocation.java:165)
	at org.openqa.selenium.remote.ElementLocation.findElement(ElementLocation.java:59)
	at org.openqa.selenium.remote.RemoteWebDriver.findElement(RemoteWebDriver.java:350)
	at org.openqa.selenium.remote.RemoteWebDriver.findElement(RemoteWebDriver.java:344)
	at org.openqa.selenium.support.pagefactory.DefaultElementLocator.findElement(DefaultElementLocator.java:68)
	at org.openqa.selenium.support.pagefactory.internal.LocatingElementHandler.invoke(LocatingElementHandler.java:38)
	at com.sun.proxy.$Proxy32.getText(Unknown Source)
	at base.CommonAPI.getElementText(CommonAPI.java:193)
	at pages.ProductPageAE.verifyReviewTitleText(ProductPageAE.java:138)
	at automationexercise.Case21_AddReviewOnProduct.verifyAddReviewOnProduct(Case21_AddReviewOnProduct.java:37)
</failure>
    <system-out>09/31/23 10:09:03 [main] INFO  base.CommonAPI - chrome browser launched
09/31/23 10:09:03 [main] INFO  base.CommonAPI - window maximize
09/31/23 10:09:03 [main] INFO  base.CommonAPI - implicit wait set to 5
09/31/23 10:09:07 [main] INFO  base.CommonAPI - navigate to http://www.automationexercise.com ...
09/31/23 10:09:19 [main] INFO  pages.ProductPageAE - click on products link success
09/31/23 10:09:22 [main] INFO  pages.ProductPageAE - all products visible success
09/31/23 10:09:22 [main] INFO  pages.ProductPageAE - click on first product success
</system-out>
    <system-err>Oct 31, 2023 10:08:59 AM org.openqa.selenium.remote.service.DriverService$Builder getLogOutput
INFO: Driver logs no longer sent to console by default; https://www.selenium.dev/documentation/webdriver/drivers/service/#setting-log-output
Oct 31, 2023 10:09:03 AM org.openqa.selenium.devtools.CdpVersionFinder findNearestMatch
WARNING: Unable to find an exact match for CDP version 118, so returning the closest version found: 114
</system-err>
  </testcase>
  <testcase classname="automationexercise.Case22_AddRecommendedItemInCart" name="verifyAddToCartFromRecommendedItems" time="17.899"/>
  <testcase classname="automationexercise.Case23_AddressDetailsInCheckout" name="verifyAddressDetailsInCheckoutPage" time="30.29"/>
  <testcase classname="automationexercise.Case24_DownloadPurchaseOrderInvoice" name="verifyDownloadInvoiceAfterPurchaseOrder" time="46.465"/>
  <testcase classname="automationexercise.Case25_ScrollUpDownUsingArrowBtnTest" name="verifyScrollUpUsingArrowButtonAndScrollDownFunctionality" time="9.205"/>
  <testcase classname="automationexercise.Case26_ScrollUpWithoutArrowBtnAndScrollDown" name="verifyScrollUpWithoutArrowButtonAndScrollDownFunctionality" time="9.198"/>
</testsuite>